#
# A fatal error has been detected by the Java Runtime Environment:
#
#  SIGSEGV (0xb) at pc=0x00007fdae1f3bfe3, pid=18840, tid=0x00007fdacc83d700
#
# JRE version: OpenJDK Runtime Environment (8.0_76-b03) (build 1.8.0_76-release-b03)
# Java VM: OpenJDK 64-Bit Server VM (25.76-b03 mixed mode linux-amd64 compressed oops)
# Problematic frame:
# V  [libjvm.so+0x8affe3]  oopDesc* PSPromotionManager::copy_to_survivor_space<false>(oopDesc*)+0x2c3
#
# Failed to write core dump. Core dumps have been disabled. To enable core dumping, try "ulimit -c unlimited" before starting Java again
#
# If you would like to submit a bug report, please visit:
#   http://bugreport.java.com/bugreport/crash.jsp
#

---------------  T H R E A D  ---------------

Current thread (0x00007fdadc021000):  GCTaskThread [stack: 0x00007fdacc73d000,0x00007fdacc83e000] [id=18846]

siginfo: si_signo: 11 (SIGSEGV), si_code: 1 (SEGV_MAPERR), si_addr: 0x0000000000000008

Registers:
RAX=0x0000000000000001, RBX=0x00000000e2002898, RCX=0x0000000000000003, RDX=0x00007fdae2525b80
RSP=0x00007fdacc83cc20, RBP=0x00007fdacc83cc80, RSI=0x00000000e2002898, RDI=0x0000000000000000
R8 =0x000000000000000c, R9 =0x00007fdadc070b58, R10=0x0000000000000000, R11=0x00007fdae254f6c0
R12=0x00000000f8d1dca4, R13=0x0000000000000000, R14=0x00007fdadc070ac0, R15=0x00007fdae2525b90
RIP=0x00007fdae1f3bfe3, EFLAGS=0x0000000000010246, CSGSFS=0x0000000000000033, ERR=0x0000000000000004
  TRAPNO=0x000000000000000e

Top of Stack: (sp=0x00007fdacc83cc20)
0x00007fdacc83cc20:   00007fdacecf9090 000000000000000d
0x00007fdacc83cc30:   000000000000000d 00000000f8d1ee80
0x00007fdacc83cc40:   00000000f8d1b260 0000000000001000
0x00007fdacc83cc50:   00007fdae2587894 00007fdadc070ac0
0x00007fdacc83cc60:   00000000f8d1dca4 0000000000000000
0x00007fdacc83cc70:   00007fdadc070b58 00007fdae2525b90
0x00007fdacc83cc80:   00007fdacc83ccf0 00007fdae1f3b808
0x00007fdacc83cc90:   00007fdacc83ccf0 00007fdadc070b28
0x00007fdacc83cca0:   00007fdacc83ccf0 00007fdae1c841ce
0x00007fdacc83ccb0:   0000000000000000 00000000a3536be8
0x00007fdacc83ccc0:   00007fdadc021e28 00000000a3536c00
0x00007fdacc83ccd0:   00007fdacc9599b6 00007fdadc01ab10
0x00007fdacc83cce0:   00007fdacc959a01 00007fdacc9599b6
0x00007fdacc83ccf0:   00007fdacc83cd90 00007fdae1a5b86f
0x00007fdacc83cd00:   00007fdacc959a00 00007fdacc959981
0x00007fdacc83cd10:   0000000000000100 0000000000000080
0x00007fdacc83cd20:   00000000a3fcdb10 00007fdacc959a80
0x00007fdacc83cd30:   00000000a3540000 00007fdacc95ee6e
0x00007fdacc83cd40:   00000000a3536c18 00007fdadc070ac0
0x00007fdacc83cd50:   00007fdacc9599b6 00007fdadc01a850
0x00007fdacc83cd60:   0000000000000001 00007fdadc023350
0x00007fdacc83cd70:   00007fdadc070ac0 00007fdae20e9398
0x00007fdacc83cd80:   00007fdadc021000 00007fdae25444d8
0x00007fdacc83cd90:   00007fdacc83cdc0 00007fdae1f3f4bb
0x00007fdacc83cda0:   0000000000000002 00007fdaa803e8a0
0x00007fdacc83cdb0:   0000000000000001 00007fdadc023350
0x00007fdacc83cdc0:   00007fdacc83ced0 00007fdae1c0af02
0x00007fdacc83cdd0:   00000000000003d8 00007fdadc021678
0x00007fdacc83cde0:   00007fdadc0212a0 00007fdacc83ce60
0x00007fdacc83cdf0:   00007fdadc021250 00007fdadc021290
0x00007fdacc83ce00:   00007fdacc83ce10 0000000000000000
0x00007fdacc83ce10:   0000000000000000 00007fdadc021e00 

Instructions: (pc=0x00007fdae1f3bfe3)
0x00007fdae1f3bfc3:   e9 3d fe ff ff 0f 1f 84 00 00 00 00 00 48 8d 15
0x00007fdae1f3bfd3:   a9 9b 5e 00 8b 7e 08 8b 4a 08 48 d3 e7 48 03 3a
0x00007fdae1f3bfe3:   8b 4f 08 83 f9 00 0f 8f 7d fd ff ff 0f 85 3b 02
0x00007fdae1f3bff3:   00 00 0f 1f 00 48 8b 07 4c 89 45 b8 48 89 de ff 

Register to memory mapping:

RAX=0x0000000000000001 is an unknown value
RBX=0x00000000e2002898 is an oop

[error occurred during error reporting (printing register info), id 0xb]

Stack: [0x00007fdacc73d000,0x00007fdacc83e000],  sp=0x00007fdacc83cc20,  free space=1023k
Native frames: (J=compiled Java code, j=interpreted, Vv=VM code, C=native code)
V  [libjvm.so+0x8affe3]  oopDesc* PSPromotionManager::copy_to_survivor_space<false>(oopDesc*)+0x2c3
V  [libjvm.so+0x8af808]  PSPromotionManager::drain_stacks_depth(bool)+0x6f8
V  [libjvm.so+0x3cf86f]  CardTableExtension::scavenge_contents_parallel(ObjectStartArray*, MutableSpace*, HeapWord*, PSPromotionManager*, unsigned int, unsigned int)+0x8df
V  [libjvm.so+0x8b34bb]  OldToYoungRootsTask::do_it(GCTaskManager*, unsigned int)+0x4b
V  [libjvm.so+0x57ef02]  GCTaskThread::run()+0x162
V  [libjvm.so+0x8425b2]  java_start(Thread*)+0xf2


---------------  P R O C E S S  ---------------

Java Threads: ( => current thread )
  0x00007fdaa0072000 JavaThread "pool-27-thread-4" [_thread_blocked, id=19095, stack(0x00007fda8a1fc000,0x00007fda8a2fd000)]
  0x00007fdaa0071800 JavaThread "pool-27-thread-3" [_thread_blocked, id=19094, stack(0x00007fda88fda000,0x00007fda890db000)]
  0x00007fdaa0070800 JavaThread "pool-27-thread-2" [_thread_blocked, id=19093, stack(0x00007fda898e1000,0x00007fda899e2000)]
  0x00007fdaa0077800 JavaThread "pool-28-thread-1" [_thread_blocked, id=19092, stack(0x00007fda894dd000,0x00007fda895de000)]
  0x00007fdaa00ab000 JavaThread "pool-27-thread-1" [_thread_blocked, id=19091, stack(0x00007fda893dc000,0x00007fda894dd000)]
  0x00007fdaa00ac800 JavaThread "pool-6-thread-4" [_thread_blocked, id=19055, stack(0x00007fda8a3fe000,0x00007fda8a4ff000)]
  0x00007fdaa0003800 JavaThread "pool-6-thread-3" [_thread_blocked, id=19049, stack(0x00007fda896df000,0x00007fda897e0000)]
  0x00007fda90472800 JavaThread "pool-6-thread-2" [_thread_blocked, id=19038, stack(0x00007fda8a0fb000,0x00007fda8a1fc000)]
  0x00007fdaa0005800 JavaThread "pool-6-thread-1" [_thread_blocked, id=19037, stack(0x00007fda8a2fd000,0x00007fda8a3fe000)]
  0x00007fda902d7000 JavaThread "pool-5-thread-2" [_thread_blocked, id=19036, stack(0x00007fda8a4ff000,0x00007fda8a600000)]
  0x00007fda902d6000 JavaThread "pool-5-thread-1" [_thread_blocked, id=19035, stack(0x00007fdab803c000,0x00007fdab813d000)]
  0x00007fda90df2800 JavaThread "Stdin handler" [_thread_blocked, id=19033, stack(0x00007fdab95ca000,0x00007fdab96cb000)]
  0x00007fda90017000 JavaThread "Asynchronous log dispatcher for org.gradle.launcher.daemon.server.DefaultDaemonConnection@3f133fb9" [_thread_blocked, id=19032, stack(0x00007fdab96cb000,0x00007fdab97cc000)]
  0x00007fda8c008800 JavaThread "Daemon worker Thread 2" [_thread_blocked, id=19029, stack(0x00007fdab98cd000,0x00007fdab99ce000)]
  0x00007fda8c00a000 JavaThread "Cancel handler" [_thread_blocked, id=19028, stack(0x00007fdab99ce000,0x00007fdab9acf000)]
  0x00007fda8c00f000 JavaThread "Handler for socket connection from /127.0.0.1:42541 to /127.0.0.1:60336" [_thread_in_native, id=19027, stack(0x00007fdab97cc000,0x00007fdab98cd000)]
  0x00007fda9400e000 JavaThread "Daemon Thread 2" [_thread_blocked, id=19026, stack(0x00007fdab9acf000,0x00007fdab9bd0000)]
  0x00007fda903e0800 JavaThread "File lock request listener" [_thread_in_native, id=18869, stack(0x00007fdab8e51000,0x00007fdab8f52000)]
  0x00007fdadcb33800 JavaThread "pool-1-thread-1" [_thread_blocked, id=18860, stack(0x00007fdab9dd0000,0x00007fdab9ed1000)]
  0x00007fdadcaf4800 JavaThread "Incoming local TCP Connector on port 42541" [_thread_in_native, id=18859, stack(0x00007fdab9ed8000,0x00007fdab9fd9000)]
  0x00007fdadc0b9800 JavaThread "Service Thread" daemon [_thread_blocked, id=18855, stack(0x00007fdabb1e7000,0x00007fdabb2e8000)]
  0x00007fdadc0b6800 JavaThread "C1 CompilerThread1" daemon [_thread_blocked, id=18854, stack(0x00007fdabb2e8000,0x00007fdabb3e9000)]
  0x00007fdadc0b4000 JavaThread "C2 CompilerThread0" daemon [_thread_in_native, id=18853, stack(0x00007fdabb3e9000,0x00007fdabb4ea000)]
  0x00007fdadc0b2800 JavaThread "Signal Dispatcher" daemon [_thread_blocked, id=18852, stack(0x00007fdabb4ea000,0x00007fdabb5eb000)]
  0x00007fdadc07f800 JavaThread "Finalizer" daemon [_thread_blocked, id=18851, stack(0x00007fdabbdfe000,0x00007fdabbeff000)]
  0x00007fdadc07b000 JavaThread "Reference Handler" daemon [_thread_blocked, id=18850, stack(0x00007fdabbeff000,0x00007fdabc000000)]
  0x00007fdadc00a000 JavaThread "main" [_thread_blocked, id=18842, stack(0x00007fdae3080000,0x00007fdae3181000)]

Other Threads:
  0x00007fdadc073000 VMThread [stack: 0x00007fdac8066000,0x00007fdac8167000] [id=18849]
  0x00007fdadc0bc000 WatcherThread [stack: 0x00007fdabb0e6000,0x00007fdabb1e7000] [id=18856]

=>0x00007fdadc021000 (exited) GCTaskThread [stack: 0x00007fdacc73d000,0x00007fdacc83e000] [id=18846]

VM state:at safepoint (normal execution)

VM Mutex/Monitor currently owned by a thread:  ([mutex/lock_event])
[0x00007fdadc006390] Threads_lock - owner thread: 0x00007fdadc073000
[0x00007fdadc006890] Heap_lock - owner thread: 0x00007fdaa00ab000

Heap:
 PSYoungGen      total 423424K, used 396736K [0x00000000e0000000, 0x00000000fc500000, 0x0000000100000000)
  eden space 396288K, 100% used [0x00000000e0000000,0x00000000f8300000,0x00000000f8300000)
  from space 27136K, 1% used [0x00000000f9e00000,0x00000000f9e70000,0x00000000fb880000)
  to   space 27648K, 38% used [0x00000000f8300000,0x00000000f8d7b260,0x00000000f9e00000)
 ParOldGen       total 138240K, used 65374K [0x00000000a0000000, 0x00000000a8700000, 0x00000000e0000000)
  object space 138240K, 47% used [0x00000000a0000000,0x00000000a3fd7b10,0x00000000a8700000)
 Metaspace       used 68311K, capacity 70702K, committed 70784K, reserved 1110016K
  class space    used 8823K, capacity 9324K, committed 9344K, reserved 1048576K

Card table byte_map: [0x00007fdacc93f000,0x00007fdaccc40000] byte_map_base: 0x00007fdacc43f000

Marking Bits: (ParMarkBitMap*) 0x00007fdae254f1a0
 Begin Bits: [0x00007fdac973d000, 0x00007fdacaf3d000)
 End Bits:   [0x00007fdacaf3d000, 0x00007fdacc73d000)

Polling page: 0x00007fdae3199000

CodeCache: size=245760Kb used=31217Kb max_used=31217Kb free=214542Kb
 bounds [0x00007fdacd000000, 0x00007fdaceea0000, 0x00007fdadc000000]
 total_blobs=11430 nmethods=10671 adapters=673
 compilation: enabled

Compilation events (10 events):
Event: 94,889 Thread 0x00007fdadc0b6800 nmethod 12763% 0x00007fdacee97290 code [0x00007fdacee97480, 0x00007fdacee97e98]
Event: 94,889 Thread 0x00007fdadc0b6800 12762   !   2       com.android.dx.cf.direct.DirectClassFile$DcfTypeList::<init> (137 bytes)
Event: 94,910 Thread 0x00007fdadc0b6800 nmethod 12762 0x00007fdacee982d0 code [0x00007fdacee985a0, 0x00007fdacee993d8]
Event: 94,910 Thread 0x00007fdadc0b6800 12764       3       com.android.dx.dex.file.DebugInfoEncoder::buildSortedPositions (68 bytes)
Event: 94,911 Thread 0x00007fdadc0b6800 nmethod 12764 0x00007fdacee9a910 code [0x00007fdacee9ab40, 0x00007fdacee9b898]
Event: 94,911 Thread 0x00007fdadc0b6800 12772       1       com.android.dx.dex.file.ProtoIdItem::itemType (4 bytes)
Event: 94,911 Thread 0x00007fdadc0b6800 nmethod 12772 0x00007fdacee9bf10 code [0x00007fdacee9c060, 0x00007fdacee9c170]
Event: 94,911 Thread 0x00007fdadc0b6800 12768       2       com.android.dx.dex.file.ValueEncoder::writeArray (177 bytes)
Event: 94,916 Thread 0x00007fdadc0b6800 nmethod 12768 0x00007fdacee9c1d0 code [0x00007fdacee9c4a0, 0x00007fdacee9cf98]
Event: 94,916 Thread 0x00007fdadc0b6800 12767       2       com.android.dx.dex.file.ValueEncoder::writeAnnotation (401 bytes)

GC Heap History (10 events):
Event: 87,357 GC heap after
Heap after GC invocations=14 (full 3):
 PSYoungGen      total 253952K, used 15769K [0x00000000e0000000, 0x00000000f5d80000, 0x0000000100000000)
  eden space 225792K, 0% used [0x00000000e0000000,0x00000000e0000000,0x00000000edc80000)
  from space 28160K, 55% used [0x00000000edc80000,0x00000000eebe6488,0x00000000ef800000)
  to   space 27648K, 0% used [0x00000000f4280000,0x00000000f4280000,0x00000000f5d80000)
 ParOldGen       total 69120K, used 45532K [0x00000000a0000000, 0x00000000a4380000, 0x00000000e0000000)
  object space 69120K, 65% used [0x00000000a0000000,0x00000000a2c772a8,0x00000000a4380000)
 Metaspace       used 59045K, capacity 61308K, committed 61440K, reserved 1101824K
  class space    used 7878K, capacity 8389K, committed 8448K, reserved 1048576K
}
Event: 90,522 GC heap before
{Heap before GC invocations=15 (full 3):
 PSYoungGen      total 253952K, used 241561K [0x00000000e0000000, 0x00000000f5d80000, 0x0000000100000000)
  eden space 225792K, 100% used [0x00000000e0000000,0x00000000edc80000,0x00000000edc80000)
  from space 28160K, 55% used [0x00000000edc80000,0x00000000eebe6488,0x00000000ef800000)
  to   space 27648K, 0% used [0x00000000f4280000,0x00000000f4280000,0x00000000f5d80000)
 ParOldGen       total 69120K, used 45532K [0x00000000a0000000, 0x00000000a4380000, 0x00000000e0000000)
  object space 69120K, 65% used [0x00000000a0000000,0x00000000a2c772a8,0x00000000a4380000)
 Metaspace       used 67427K, capacity 69876K, committed 70016K, reserved 1110016K
  class space    used 8819K, capacity 9325K, committed 9344K, reserved 1048576K
Event: 90,639 GC heap after
Heap after GC invocations=15 (full 3):
 PSYoungGen      total 328192K, used 18016K [0x00000000e0000000, 0x00000000f5d00000, 0x0000000100000000)
  eden space 301056K, 0% used [0x00000000e0000000,0x00000000e0000000,0x00000000f2600000)
  from space 27136K, 66% used [0x00000000f4280000,0x00000000f5418320,0x00000000f5d00000)
  to   space 28160K, 0% used [0x00000000f2600000,0x00000000f2600000,0x00000000f4180000)
 ParOldGen       total 69120K, used 48240K [0x00000000a0000000, 0x00000000a4380000, 0x00000000e0000000)
  object space 69120K, 69% used [0x00000000a0000000,0x00000000a2f1c318,0x00000000a4380000)
 Metaspace       used 67427K, capacity 69876K, committed 70016K, reserved 1110016K
  class space    used 8819K, capacity 9325K, committed 9344K, reserved 1048576K
}
Event: 93,008 GC heap before
{Heap before GC invocations=16 (full 3):
 PSYoungGen      total 328192K, used 319072K [0x00000000e0000000, 0x00000000f5d00000, 0x0000000100000000)
  eden space 301056K, 100% used [0x00000000e0000000,0x00000000f2600000,0x00000000f2600000)
  from space 27136K, 66% used [0x00000000f4280000,0x00000000f5418320,0x00000000f5d00000)
  to   space 28160K, 0% used [0x00000000f2600000,0x00000000f2600000,0x00000000f4180000)
 ParOldGen       total 69120K, used 49554K [0x00000000a0000000, 0x00000000a4380000, 0x00000000e0000000)
  object space 69120K, 71% used [0x00000000a0000000,0x00000000a3064830,0x00000000a4380000)
 Metaspace       used 68065K, capacity 70452K, committed 70528K, reserved 1110016K
  class space    used 8823K, capacity 9325K, committed 9344K, reserved 1048576K
Event: 93,075 GC heap after
Heap after GC invocations=16 (full 3):
 PSYoungGen      total 329216K, used 11304K [0x00000000e0000000, 0x00000000fb880000, 0x0000000100000000)
  eden space 301056K, 0% used [0x00000000e0000000,0x00000000e0000000,0x00000000f2600000)
  from space 28160K, 40% used [0x00000000f2600000,0x00000000f310a260,0x00000000f4180000)
  to   space 27136K, 0% used [0x00000000f9e00000,0x00000000f9e00000,0x00000000fb880000)
 ParOldGen       total 69120K, used 60272K [0x00000000a0000000, 0x00000000a4380000, 0x00000000e0000000)
  object space 69120K, 87% used [0x00000000a0000000,0x00000000a3adc340,0x00000000a4380000)
 Metaspace       used 68065K, capacity 70452K, committed 70528K, reserved 1110016K
  class space    used 8823K, capacity 9325K, committed 9344K, reserved 1048576K
}
Event: 93,075 GC heap before
{Heap before GC invocations=17 (full 4):
 PSYoungGen      total 329216K, used 11304K [0x00000000e0000000, 0x00000000fb880000, 0x0000000100000000)
  eden space 301056K, 0% used [0x00000000e0000000,0x00000000e0000000,0x00000000f2600000)
  from space 28160K, 40% used [0x00000000f2600000,0x00000000f310a260,0x00000000f4180000)
  to   space 27136K, 0% used [0x00000000f9e00000,0x00000000f9e00000,0x00000000fb880000)
 ParOldGen       total 69120K, used 60272K [0x00000000a0000000, 0x00000000a4380000, 0x00000000e0000000)
  object space 69120K, 87% used [0x00000000a0000000,0x00000000a3adc340,0x00000000a4380000)
 Metaspace       used 68065K, capacity 70452K, committed 70528K, reserved 1110016K
  class space    used 8823K, capacity 9325K, committed 9344K, reserved 1048576K
Event: 93,410 GC heap after
Heap after GC invocations=17 (full 4):
 PSYoungGen      total 329216K, used 0K [0x00000000e0000000, 0x00000000fb880000, 0x0000000100000000)
  eden space 301056K, 0% used [0x00000000e0000000,0x00000000e0000000,0x00000000f2600000)
  from space 28160K, 0% used [0x00000000f2600000,0x00000000f2600000,0x00000000f4180000)
  to   space 27136K, 0% used [0x00000000f9e00000,0x00000000f9e00000,0x00000000fb880000)
 ParOldGen       total 138240K, used 65326K [0x00000000a0000000, 0x00000000a8700000, 0x00000000e0000000)
  object space 138240K, 47% used [0x00000000a0000000,0x00000000a3fcbb10,0x00000000a8700000)
 Metaspace       used 68063K, capacity 70446K, committed 70528K, reserved 1110016K
  class space    used 8822K, capacity 9324K, committed 9344K, reserved 1048576K
}
Event: 93,436 GC heap before
{Heap before GC invocations=18 (full 4):
 PSYoungGen      total 329216K, used 3841K [0x00000000e0000000, 0x00000000fb880000, 0x0000000100000000)
  eden space 301056K, 1% used [0x00000000e0000000,0x00000000e03c0430,0x00000000f2600000)
  from space 28160K, 0% used [0x00000000f2600000,0x00000000f2600000,0x00000000f4180000)
  to   space 27136K, 0% used [0x00000000f9e00000,0x00000000f9e00000,0x00000000fb880000)
 ParOldGen       total 138240K, used 65326K [0x00000000a0000000, 0x00000000a8700000, 0x00000000e0000000)
  object space 138240K, 47% used [0x00000000a0000000,0x00000000a3fcbb10,0x00000000a8700000)
 Metaspace       used 68087K, capacity 70510K, committed 70784K, reserved 1110016K
  class space    used 8822K, capacity 9324K, committed 9344K, reserved 1048576K
Event: 93,446 GC heap after
Heap after GC invocations=18 (full 4):
 PSYoungGen      total 423424K, used 448K [0x00000000e0000000, 0x00000000fc500000, 0x0000000100000000)
  eden space 396288K, 0% used [0x00000000e0000000,0x00000000e0000000,0x00000000f8300000)
  from space 27136K, 1% used [0x00000000f9e00000,0x00000000f9e70000,0x00000000fb880000)
  to   space 27648K, 0% used [0x00000000f8300000,0x00000000f8300000,0x00000000f9e00000)
 ParOldGen       total 138240K, used 65334K [0x00000000a0000000, 0x00000000a8700000, 0x00000000e0000000)
  object space 138240K, 47% used [0x00000000a0000000,0x00000000a3fcdb10,0x00000000a8700000)
 Metaspace       used 68087K, capacity 70510K, committed 70784K, reserved 1110016K
  class space    used 8822K, capacity 9324K, committed 9344K, reserved 1048576K
}
Event: 94,919 GC heap before
{Heap before GC invocations=19 (full 4):
 PSYoungGen      total 423424K, used 396736K [0x00000000e0000000, 0x00000000fc500000, 0x0000000100000000)
  eden space 396288K, 100% used [0x00000000e0000000,0x00000000f8300000,0x00000000f8300000)
  from space 27136K, 1% used [0x00000000f9e00000,0x00000000f9e70000,0x00000000fb880000)
  to   space 27648K, 0% used [0x00000000f8300000,0x00000000f8300000,0x00000000f9e00000)
 ParOldGen       total 138240K, used 65334K [0x00000000a0000000, 0x00000000a8700000, 0x00000000e0000000)
  object space 138240K, 47% used [0x00000000a0000000,0x00000000a3fcdb10,0x00000000a8700000)
 Metaspace       used 68311K, capacity 70702K, committed 70784K, reserved 1110016K
  class space    used 8823K, capacity 9324K, committed 9344K, reserved 1048576K

Deoptimization events (10 events):
Event: 92,870 Thread 0x00007fda904a4800 Uncommon trap: reason=class_check action=maybe_recompile pc=0x00007fdacec8583c method=com.android.dx.rop.code.RegisterSpec.getType()Lcom/android/dx/rop/type/Type; @ 4
Event: 92,870 Thread 0x00007fda904a4800 Uncommon trap: reason=class_check action=maybe_recompile pc=0x00007fdacec8583c method=com.android.dx.rop.code.RegisterSpec.getType()Lcom/android/dx/rop/type/Type; @ 4
Event: 92,870 Thread 0x00007fda904a4800 Uncommon trap: reason=class_check action=maybe_recompile pc=0x00007fdacec8583c method=com.android.dx.rop.code.RegisterSpec.getType()Lcom/android/dx/rop/type/Type; @ 4
Event: 92,908 Thread 0x00007fda9105d000 Uncommon trap: reason=unstable_if action=reinterpret pc=0x00007fdacec20c20 method=com.android.dx.ssa.SsaMethod.getExitBlock()Lcom/android/dx/ssa/SsaBasicBlock; @ 4
Event: 92,908 Thread 0x00007fda9105d000 Uncommon trap: reason=unstable_if action=reinterpret pc=0x00007fdacd29acd8 method=com.android.dx.ssa.SsaMethod.getExitBlock()Lcom/android/dx/ssa/SsaBasicBlock; @ 4
Event: 93,873 Thread 0x00007fdaa0072000 Uncommon trap: reason=unstable_if action=reinterpret pc=0x00007fdacec4b884 method=java.util.concurrent.ConcurrentHashMap.putVal(Ljava/lang/Object;Ljava/lang/Object;Z)Ljava/lang/Object; @ 331
Event: 94,203 Thread 0x00007fda904a4800 Uncommon trap: reason=unstable_if action=reinterpret pc=0x00007fdacd70bc74 method=java.util.HashMap.getNode(ILjava/lang/Object;)Ljava/util/HashMap$Node; @ 84
Event: 94,203 Thread 0x00007fda904a4800 Uncommon trap: reason=unstable_if action=reinterpret pc=0x00007fdacd6f3890 method=java.util.HashMap.getNode(ILjava/lang/Object;)Ljava/util/HashMap$Node; @ 84
Event: 94,326 Thread 0x00007fdaa00ac800 Uncommon trap: reason=unstable_if action=reinterpret pc=0x00007fdacead1504 method=com.android.dx.dex.code.OutputFinisher.addConstants(Ljava/util/HashSet;Lcom/android/dx/rop/code/RegisterSpec;)V @ 32
Event: 94,683 Thread 0x00007fdaa00ac800 Uncommon trap: reason=unstable_if action=reinterpret pc=0x00007fdacec7db0c method=com.android.dx.dex.code.LocalList$MakeState.filterSpec(Lcom/android/dx/rop/code/RegisterSpec;)Lcom/android/dx/rop/code/RegisterSpec; @ 11

Internal exceptions (10 events):
Event: 87,730 Thread 0x00007fda8c008800 Exception <a 'sun/nio/fs/UnixException'> (0x00000000e30f7d80) thrown at [/ssd/Android/AOSP-openjdk/external/jetbrains/jdk/hotspot/src/share/vm/prims/jni.cpp, line 709]
Event: 87,730 Thread 0x00007fda8c008800 Exception <a 'sun/nio/fs/UnixException'> (0x00000000e30f9db8) thrown at [/ssd/Android/AOSP-openjdk/external/jetbrains/jdk/hotspot/src/share/vm/prims/jni.cpp, line 709]
Event: 87,730 Thread 0x00007fda8c008800 Exception <a 'sun/nio/fs/UnixException'> (0x00000000e30fb3a8) thrown at [/ssd/Android/AOSP-openjdk/external/jetbrains/jdk/hotspot/src/share/vm/prims/jni.cpp, line 709]
Event: 87,730 Thread 0x00007fda8c008800 Exception <a 'sun/nio/fs/UnixException'> (0x00000000e30fd398) thrown at [/ssd/Android/AOSP-openjdk/external/jetbrains/jdk/hotspot/src/share/vm/prims/jni.cpp, line 709]
Event: 87,730 Thread 0x00007fda8c008800 Exception <a 'sun/nio/fs/UnixException'> (0x00000000e30fea48) thrown at [/ssd/Android/AOSP-openjdk/external/jetbrains/jdk/hotspot/src/share/vm/prims/jni.cpp, line 709]
Event: 87,730 Thread 0x00007fda8c008800 Exception <a 'sun/nio/fs/UnixException'> (0x00000000e3100830) thrown at [/ssd/Android/AOSP-openjdk/external/jetbrains/jdk/hotspot/src/share/vm/prims/jni.cpp, line 709]
Event: 87,730 Thread 0x00007fda8c008800 Exception <a 'sun/nio/fs/UnixException'> (0x00000000e3101e60) thrown at [/ssd/Android/AOSP-openjdk/external/jetbrains/jdk/hotspot/src/share/vm/prims/jni.cpp, line 709]
Event: 90,354 Thread 0x00007fdaa0003800 Implicit null exception at 0x00007fdacd3c0d8f to 0x00007fdacd3c0ee1
Event: 91,216 Thread 0x00007fdaa00ac800 Implicit null exception at 0x00007fdace810bab to 0x00007fdace811741
Event: 91,520 Thread 0x00007fda9105d000 Implicit null exception at 0x00007fdace729159 to 0x00007fdace729bf1

Events (10 events):
Event: 94,831 Thread 0x00007fdaa0070800 DEOPT UNPACKING pc=0x00007fdacd046f73 sp=0x00007fda899dfcd8 mode 0
Event: 94,846 Executing VM operation: RevokeBias
Event: 94,851 Executing VM operation: RevokeBias done
Event: 94,883 Thread 0x00007fdaa0005800 DEOPT PACKING pc=0x00007fdace942703 sp=0x00007fda8a3fb410
Event: 94,883 Thread 0x00007fdaa0005800 DEOPT UNPACKING pc=0x00007fdacd046f73 sp=0x00007fda8a3fb188 mode 0
Event: 94,896 Executing VM operation: RevokeBias
Event: 94,900 Executing VM operation: RevokeBias done
Event: 94,911 Thread 0x00007fdaa0072000 DEOPT PACKING pc=0x00007fdace942703 sp=0x00007fda8a2faf60
Event: 94,911 Thread 0x00007fdaa0072000 DEOPT UNPACKING pc=0x00007fdacd046f73 sp=0x00007fda8a2facd8 mode 0
Event: 94,918 Executing VM operation: ParallelGCFailedAllocation


Dynamic libraries:
00400000-00401000 r-xp 00000000 08:06 1707486                            /home/sebastian/android-studio/jre/bin/java
00600000-00601000 r--p 00000000 08:06 1707486                            /home/sebastian/android-studio/jre/bin/java
00601000-00602000 rw-p 00001000 08:06 1707486                            /home/sebastian/android-studio/jre/bin/java
01a3e000-01a5f000 rw-p 00000000 00:00 0                                  [heap]
a0000000-a8700000 rw-p 00000000 00:00 0 
a8700000-e0000000 ---p 00000000 00:00 0 
e0000000-fc500000 rw-p 00000000 00:00 0 
fc500000-100000000 ---p 00000000 00:00 0 
100000000-100920000 rw-p 00000000 00:00 0 
100920000-140000000 ---p 00000000 00:00 0 
7fda88ed9000-7fda88edc000 ---p 00000000 00:00 0 
7fda88edc000-7fda88fda000 rw-p 00000000 00:00 0 
7fda88fda000-7fda88fdd000 ---p 00000000 00:00 0 
7fda88fdd000-7fda892db000 rw-p 00000000 00:00 0 
7fda892db000-7fda892de000 ---p 00000000 00:00 0 
7fda892de000-7fda893dc000 rw-p 00000000 00:00 0 
7fda893dc000-7fda893df000 ---p 00000000 00:00 0 
7fda893df000-7fda894dd000 rw-p 00000000 00:00 0 
7fda894dd000-7fda894e0000 ---p 00000000 00:00 0 
7fda894e0000-7fda895de000 rw-p 00000000 00:00 0 
7fda895de000-7fda895e1000 ---p 00000000 00:00 0 
7fda895e1000-7fda896df000 rw-p 00000000 00:00 0 
7fda896df000-7fda896e2000 ---p 00000000 00:00 0 
7fda896e2000-7fda897e0000 rw-p 00000000 00:00 0 
7fda897e0000-7fda897e3000 ---p 00000000 00:00 0 
7fda897e3000-7fda898e1000 rw-p 00000000 00:00 0 
7fda898e1000-7fda898e4000 ---p 00000000 00:00 0 
7fda898e4000-7fda899e2000 rw-p 00000000 00:00 0 
7fda899e2000-7fda899e5000 ---p 00000000 00:00 0 
7fda899e5000-7fda89ce3000 rw-p 00000000 00:00 0 
7fda89cfb000-7fda89efb000 rw-p 00000000 00:00 0 
7fda89efb000-7fda8a0fb000 rw-p 00000000 00:00 0 
7fda8a0fb000-7fda8a0fe000 ---p 00000000 00:00 0 
7fda8a0fe000-7fda8a1fc000 rw-p 00000000 00:00 0 
7fda8a1fc000-7fda8a1ff000 ---p 00000000 00:00 0 
7fda8a1ff000-7fda8a2fd000 rw-p 00000000 00:00 0 
7fda8a2fd000-7fda8a300000 ---p 00000000 00:00 0 
7fda8a300000-7fda8a3fe000 rw-p 00000000 00:00 0 
7fda8a3fe000-7fda8a401000 ---p 00000000 00:00 0 
7fda8a401000-7fda8a4ff000 rw-p 00000000 00:00 0 
7fda8a4ff000-7fda8a502000 ---p 00000000 00:00 0 
7fda8a502000-7fda8a800000 rw-p 00000000 00:00 0 
7fda8a800000-7fda8aa00000 rw-p 00000000 00:00 0 
7fda8aa00000-7fda8ac00000 rw-p 00000000 00:00 0 
7fda8ac00000-7fda8ae00000 rw-p 00000000 00:00 0 
7fda8ae00000-7fda8b000000 rw-p 00000000 00:00 0 
7fda8b000000-7fda8b200000 rw-p 00000000 00:00 0 
7fda8b200000-7fda8b400000 rw-p 00000000 00:00 0 
7fda8b400000-7fda8b600000 rw-p 00000000 00:00 0 
7fda8b600000-7fda8b800000 rw-p 00000000 00:00 0 
7fda8b800000-7fda8ba00000 rw-p 00000000 00:00 0 
7fda8ba00000-7fda8bc00000 rw-p 00000000 00:00 0 
7fda8bc00000-7fda8be00000 rw-p 00000000 00:00 0 
7fda8be00000-7fda8c000000 rw-p 00000000 00:00 0 
7fda8c000000-7fda8c290000 rw-p 00000000 00:00 0 
7fda8c290000-7fda90000000 ---p 00000000 00:00 0 
7fda90000000-7fda9162a000 rw-p 00000000 00:00 0 
7fda9162a000-7fda94000000 ---p 00000000 00:00 0 
7fda94000000-7fda94064000 rw-p 00000000 00:00 0 
7fda94064000-7fda98000000 ---p 00000000 00:00 0 
7fda98000000-7fda98021000 rw-p 00000000 00:00 0 
7fda98021000-7fda9c000000 ---p 00000000 00:00 0 
7fda9c000000-7fda9c021000 rw-p 00000000 00:00 0 
7fda9c021000-7fdaa0000000 ---p 00000000 00:00 0 
7fdaa0000000-7fdaa0108000 rw-p 00000000 00:00 0 
7fdaa0108000-7fdaa4000000 ---p 00000000 00:00 0 
7fdaa4000000-7fdaa5c13000 rw-p 00000000 00:00 0 
7fdaa5c13000-7fdaa8000000 ---p 00000000 00:00 0 
7fdaa8000000-7fdaa8e03000 rw-p 00000000 00:00 0 
7fdaa8e03000-7fdaac000000 ---p 00000000 00:00 0 
7fdaac000000-7fdaac021000 rw-p 00000000 00:00 0 
7fdaac021000-7fdab0000000 ---p 00000000 00:00 0 
7fdab0000000-7fdab0021000 rw-p 00000000 00:00 0 
7fdab0021000-7fdab4000000 ---p 00000000 00:00 0 
7fdab4000000-7fdab4021000 rw-p 00000000 00:00 0 
7fdab4021000-7fdab8000000 ---p 00000000 00:00 0 
7fdab802c000-7fdab8037000 r--s 0009d000 08:06 3277274                    /home/sebastian/AndroidStudioProjects/MyToDoApp/app/build/intermediates/exploded-aar/com.android.support/appcompat-v7/25.0.1/jars/classes.jar
7fdab803b000-7fdab803c000 rw-p 00000000 00:00 0 
7fdab803c000-7fdab803f000 ---p 00000000 00:00 0 
7fdab803f000-7fdab813d000 rw-p 00000000 00:00 0 
7fdab813d000-7fdab8150000 r--s 00344000 08:06 1707509                    /home/sebastian/android-studio/jre/jre/lib/resources.jar
7fdab8150000-7fdab817b000 r--s 001fc000 08:06 3401334                    /home/sebastian/android-studio/gradle/m2repository/com/google/guava/guava/18.0/guava-18.0.jar
7fdab817b000-7fdab817c000 r--s 00001000 08:06 272183                     /home/sebastian/android-studio/gradle/m2repository/com/android/tools/annotations/25.2.3/annotations-25.2.3.jar
7fdab817c000-7fdab818f000 r--s 000b2000 08:06 272222                     /home/sebastian/android-studio/gradle/m2repository/com/android/tools/external/com-intellij/uast/145.597.4/uast-145.597.4.jar
7fdab818f000-7fdab8197000 r--s 000a8000 08:06 3401723                    /home/sebastian/android-studio/gradle/m2repository/com/android/tools/external/lombok/lombok-ast/0.2.3/lombok-ast-0.2.3.jar
7fdab8197000-7fdab8199000 r--s 0000d000 08:06 1993823                    /home/sebastian/android-studio/gradle/m2repository/commons-codec/commons-codec/1.4/commons-codec-1.4.jar
7fdab8199000-7fdab819b000 r--s 0000d000 08:06 1707954                    /home/sebastian/android-studio/gradle/m2repository/commons-logging/commons-logging/1.1.1/commons-logging-1.1.1.jar
7fdab819b000-7fdab81a0000 r--s 00028000 08:06 2495738                    /home/sebastian/android-studio/gradle/m2repository/org/apache/httpcomponents/httpcore/4.1/httpcore-4.1.jar
7fdab81a0000-7fdab81a4000 r--s 0002f000 08:06 3401364                    /home/sebastian/android-studio/gradle/m2repository/com/google/jimfs/jimfs/1.1/jimfs-1.1.jar
7fdab81a4000-7fdab81a5000 r--s 00004000 08:06 2123588                    /home/sebastian/android-studio/gradle/m2repository/com/intellij/annotations/12.0/annotations-12.0.jar
7fdab81a5000-7fdab81a6000 r--s 00004000 08:06 1708001                    /home/sebastian/android-studio/gradle/m2repository/org/ow2/asm/asm-analysis/5.0.4/asm-analysis-5.0.4.jar
7fdab81a6000-7fdab81aa000 r--s 0003b000 08:06 393546                     /home/sebastian/android-studio/gradle/m2repository/com/android/tools/lint/lint-api/25.2.3/lint-api-25.2.3.jar
7fdab81aa000-7fdab81ab000 r--s 0000a000 08:06 1708137                    /home/sebastian/android-studio/gradle/m2repository/net/sf/kxml/kxml2/2.3.0/kxml2-2.3.0.jar
7fdab81ab000-7fdab81ad000 r--s 00005000 08:06 2359445                    /home/sebastian/android-studio/gradle/m2repository/org/apache/httpcomponents/httpmime/4.1/httpmime-4.1.jar
7fdab81ad000-7fdab81b5000 r--s 0004e000 08:06 2621911                    /home/sebastian/android-studio/gradle/m2repository/org/apache/httpcomponents/httpclient/4.1.1/httpclient-4.1.1.jar
7fdab81b5000-7fdab81bc000 r--s 00053000 08:06 2751029                    /home/sebastian/android-studio/gradle/m2repository/org/apache/commons/commons-compress/1.8.1/commons-compress-1.8.1.jar
7fdab81bc000-7fdab81c1000 r--s 0002a000 08:06 3401352                    /home/sebastian/android-studio/gradle/m2repository/com/google/code/gson/gson/2.2.4/gson-2.2.4.jar
7fdab81c1000-7fdab81c6000 r--s 0002d000 08:06 272225                     /home/sebastian/android-studio/gradle/m2repository/com/android/tools/repository/25.2.3/repository-25.2.3.jar
7fdab81c6000-7fdab81c7000 r--s 00005000 08:06 272219                     /home/sebastian/android-studio/gradle/m2repository/com/android/tools/dvlib/25.2.3/dvlib-25.2.3.jar
7fdab81c7000-7fdab81ca000 r--s 00014000 08:06 272209                     /home/sebastian/android-studio/gradle/m2repository/com/android/tools/layoutlib/layoutlib-api/25.2.3/layoutlib-api-25.2.3.jar
7fdab81ca000-7fdab81cf000 r--s 00058000 08:06 1707976                    /home/sebastian/android-studio/gradle/m2repository/org/ow2/asm/asm-debug-all/5.0.1/asm-debug-all-5.0.1.jar
7fdab81cf000-7fdab81df000 r--s 000d6000 08:06 1844583                    /home/sebastian/android-studio/gradle/m2repository/net/sf/proguard/proguard-base/5.2.1/proguard-base-5.2.1.jar
7fdab81df000-7fdab81e2000 r--s 00033000 08:06 2621920                    /home/sebastian/android-studio/gradle/m2repository/com/googlecode/juniversalchardet/juniversalchardet/1.0.3/juniversalchardet-1.0.3.jar
7fdab81e2000-7fdab81e6000 r--s 0002a000 08:06 1707947                    /home/sebastian/android-studio/gradle/m2repository/commons-io/commons-io/2.4/commons-io-2.4.jar
7fdab81e6000-7fdab81fd000 r--s 00154000 08:06 1708115                    /home/sebastian/android-studio/gradle/m2repository/org/antlr/antlr4/4.5.3/antlr4-4.5.3.jar
7fdab81fd000-7fdab81fe000 r--s 00002000 08:06 272081                     /home/sebastian/android-studio/gradle/m2repository/com/android/databinding/baseLibrary/2.2.3/baseLibrary-2.2.3.jar
7fdab81fe000-7fdab8211000 r--s 00236000 08:06 1708060                    /home/sebastian/android-studio/gradle/m2repository/org/eclipse/jdt/core/compiler/ecj/4.5.1/ecj-4.5.1.jar
7fdab8211000-7fdab8218000 r--s 000c3000 08:06 393461                     /home/sebastian/android-studio/gradle/m2repository/com/android/tools/lint/lint-checks/25.2.3/lint-checks-25.2.3.jar
7fdab8218000-7fdab821a000 r--s 00006000 08:06 1708015                    /home/sebastian/android-studio/gradle/m2repository/org/ow2/asm/asm-tree/5.0.4/asm-tree-5.0.4.jar
7fdab821a000-7fdab824d000 r--s 00203000 08:06 1708122                    /home/sebastian/android-studio/gradle/m2repository/org/bouncycastle/bcprov-jdk15on/1.48/bcprov-jdk15on-1.48.jar
7fdab824d000-7fdab825b000 r--s 00081000 08:06 1844563                    /home/sebastian/android-studio/gradle/m2repository/org/bouncycastle/bcpkix-jdk15on/1.48/bcpkix-jdk15on-1.48.jar
7fdab825b000-7fdab825d000 r--s 00002000 08:06 3012160                    /home/sebastian/android-studio/gradle/m2repository/com/squareup/javawriter/2.5.0/javawriter-2.5.0.jar
7fdab825d000-7fdab825e000 r--s 00002000 08:06 272228                     /home/sebastian/android-studio/gradle/m2repository/com/android/tools/analytics-library/tracker/25.2.3/tracker-25.2.3.jar
7fdab825e000-7fdab8260000 r--s 00003000 08:06 272234                     /home/sebastian/android-studio/gradle/m2repository/com/android/tools/analytics-library/shared/25.2.3/shared-25.2.3.jar
7fdab8260000-7fdab826d000 r--s 000ed000 08:06 272231                     /home/sebastian/android-studio/gradle/m2repository/com/android/tools/analytics-library/protos/25.2.3/protos-25.2.3.jar
7fdab826d000-7fdab826e000 r--s 00001000 08:06 3401221                    /home/sebastian/android-studio/gradle/m2repository/com/android/tools/jill/jill-api/0.10.0/jill-api-0.10.0.jar
7fdab826e000-7fdab8270000 r--s 00003000 08:06 3401398                    /home/sebastian/android-studio/gradle/m2repository/com/android/tools/jack/jack-api/0.11.0/jack-api-0.11.0.jar
7fdab8270000-7fdab8275000 r--s 0004a000 08:06 272215                     /home/sebastian/android-studio/gradle/m2repository/com/android/tools/ddms/ddmlib/25.2.3/ddmlib-25.2.3.jar
7fdab8275000-7fdab8278000 r--s 00021000 08:06 272198                     /home/sebastian/android-studio/gradle/m2repository/com/android/tools/build/manifest-merger/25.2.3/manifest-merger-25.2.3.jar
7fdab8278000-7fdab827a000 r--s 0001c000 08:06 393594                     /home/sebastian/android-studio/gradle/m2repository/com/android/tools/common/25.2.3/common-25.2.3.jar
7fdab827a000-7fdab8282000 r--s 00084000 08:06 272213                     /home/sebastian/android-studio/gradle/m2repository/com/android/tools/sdk-common/25.2.3/sdk-common-25.2.3.jar
7fdab8282000-7fdab828d000 r--s 0008e000 08:06 393576                     /home/sebastian/android-studio/gradle/m2repository/com/android/tools/sdklib/25.2.3/sdklib-25.2.3.jar
7fdab828d000-7fdab828e000 r--s 00002000 08:06 272191                     /home/sebastian/android-studio/gradle/m2repository/com/android/tools/build/builder-test-api/2.2.3/builder-test-api-2.2.3.jar
7fdab828e000-7fdab8291000 r--s 00005000 08:06 272204                     /home/sebastian/android-studio/gradle/m2repository/com/android/tools/build/builder-model/2.2.3/builder-model-2.2.3.jar
7fdab8291000-7fdab8299000 r--s 0007b000 08:06 3401344                    /home/sebastian/android-studio/gradle/m2repository/com/google/protobuf/protobuf-java/2.5.0/protobuf-java-2.5.0.jar
7fdab8299000-7fdab829b000 r--s 0000f000 08:06 1708130                    /home/sebastian/android-studio/gradle/m2repository/net/sf/jopt-simple/jopt-simple/4.9/jopt-simple-4.9.jar
7fdab829b000-7fdab829f000 r--s 0001f000 08:06 2242252                    /home/sebastian/android-studio/gradle/m2repository/org/jacoco/org.jacoco.report/0.7.5.201505241946/org.jacoco.report-0.7.5.201505241946.jar
7fdab829f000-7fdab82a3000 r--s 0001d000 08:06 1993802                    /home/sebastian/android-studio/gradle/m2repository/org/jacoco/org.jacoco.core/0.7.5.201505241946/org.jacoco.core-0.7.5.201505241946.jar
7fdab82a3000-7fdab82a4000 r--s 00002000 08:06 1993815                    /home/sebastian/android-studio/gradle/m2repository/net/sf/proguard/proguard-gradle/5.2.1/proguard-gradle-5.2.1.jar
7fdab82a4000-7fdab82a6000 r--s 00009000 08:06 1708024                    /home/sebastian/android-studio/gradle/m2repository/org/ow2/asm/asm-commons/5.0.4/asm-commons-5.0.4.jar
7fdab82a6000-7fdab82a8000 r--s 0000c000 08:06 1708047                    /home/sebastian/android-studio/gradle/m2repository/org/ow2/asm/asm/5.0.4/asm-5.0.4.jar
7fdab82a8000-7fdab82ac000 r--s 0002b000 08:06 272169                     /home/sebastian/android-studio/gradle/m2repository/com/android/databinding/compilerCommon/2.2.3/compilerCommon-2.2.3.jar
7fdab82ac000-7fdab82ad000 r--s 00002000 08:06 272194                     /home/sebastian/android-studio/gradle/m2repository/com/android/tools/build/gradle-api/2.2.3/gradle-api-2.2.3.jar
7fdab82ad000-7fdab82ae000 r--s 00000000 08:06 3401220                    /home/sebastian/android-studio/gradle/m2repository/com/android/tools/build/transform-api/2.0.0-deprecated-use-gradle-api/transform-api-2.0.0-deprecated-use-gradle-api.jar
7fdab82ae000-7fdab82b3000 r--s 00053000 08:06 393502                     /home/sebastian/android-studio/gradle/m2repository/com/android/tools/lint/lint/25.2.3/lint-25.2.3.jar
7fdab82b3000-7fdab82ca000 r--s 0015e000 08:06 272189                     /home/sebastian/android-studio/gradle/m2repository/com/android/tools/build/builder/2.2.3/builder-2.2.3.jar
7fdab82ca000-7fdab82e7000 r--s 0019d000 08:06 272200                     /home/sebastian/android-studio/gradle/m2repository/com/android/tools/build/gradle-core/2.2.3/gradle-core-2.2.3.jar
7fdab82e7000-7fdab82e9000 r--s 0000d000 08:06 272206                     /home/sebastian/android-studio/gradle/m2repository/com/android/tools/build/gradle/2.2.3/gradle-2.2.3.jar
7fdab82e9000-7fdab84e9000 rw-p 00000000 00:00 0 
7fdab84e9000-7fdab86e9000 rw-p 00000000 00:00 0 
7fdab86e9000-7fdab88e9000 rw-p 00000000 00:00 0 
7fdab88e9000-7fdab88ea000 r--s 00002000 08:06 1580478                    /home/sebastian/android-studio/lib/external-system-rt.jar
7fdab88ea000-7fdab88ec000 r--s 0000a000 08:06 1843368                    /home/sebastian/android-studio/plugins/gradle/lib/gradle-tooling-extension-api.jar
7fdab88ec000-7fdab88f1000 r--s 00034000 08:06 1580635                    /home/sebastian/android-studio/lib/gson-2.5.jar
7fdab88f1000-7fdab88f4000 ---p 00000000 00:00 0 
7fdab88f4000-7fdab892a000 rw-p 00000000 00:00 0 
7fdab892a000-7fdab892b000 r--p 00000000 00:00 0 
7fdab892b000-7fdab8b2b000 rw-p 00000000 00:00 0 
7fdab8b2b000-7fdab8b30000 r--s 00076000 08:06 1843385                    /home/sebastian/android-studio/plugins/gradle/lib/gradle-tooling-extension-impl.jar
7fdab8b30000-7fdab8ba0000 r--s 00643000 08:06 1580667                    /home/sebastian/android-studio/lib/groovy-all-2.4.6.jar
7fdab8ba0000-7fdab8bc8000 r--s 001cf000 08:06 1843365                    /home/sebastian/android-studio/plugins/gradle/lib/guava-jdk5-17.0.jar
7fdab8bc8000-7fdab8dc8000 rw-p 00000000 00:00 0 
7fdab8dc8000-7fdab8dc9000 r--s 00000000 08:06 1582984                    /home/sebastian/.gradle/caches/jars-1/dg22azhabc6tsc1i8xni15giz1bnssh/gradle-appengine-builder-model-0.1.0.jar
7fdab8dc9000-7fdab8dcc000 r--s 00005000 08:06 1582982                    /home/sebastian/.gradle/caches/jars-1/aembewtwr3e7s6a0xkzh7au0nqprc8i/builder-model-2.2.0-alpha6.jar
7fdab8dcc000-7fdab8dcd000 r--s 00002000 08:06 1999261                    /home/sebastian/.gradle/caches/jars-1/34bf0kmvx6mi3cqfuabm8kaifm09ps0/external-system-rt.jar
7fdab8dcd000-7fdab8dcf000 r--s 0000a000 08:06 1999259                    /home/sebastian/.gradle/caches/jars-1/mu8k54a9f0jl7dlc3yj5dvtwkfgedpb/gradle-tooling-extension-api.jar
7fdab8dcf000-7fdab8ddc000 r--s 0017f000 08:06 1999257                    /home/sebastian/.gradle/caches/jars-1/p04tujtv7fdl4dem5y1su7cfg482w6w/velocity.jar
7fdab8ddc000-7fdab8e13000 r--s 001bd000 08:06 1582973                    /home/sebastian/.gradle/caches/jars-1/2xkn8y4g49ep3x2f5cg5s5a2xqtca3v/gradle-core-2.14.1.jar
7fdab8e13000-7fdab8e3b000 r--s 001cf000 08:06 1582971                    /home/sebastian/.gradle/caches/jars-1/87eo0lrvp84r6dbxjq018wy66es2era/guava-jdk5-17.0.jar
7fdab8e3b000-7fdab8e43000 r--s 0003a000 08:06 1582969                    /home/sebastian/.gradle/caches/jars-1/fdivu3ta8l5xdemt5omuo26ei8xpixu/gradle-base-services-2.14.1.jar
7fdab8e43000-7fdab8e51000 r--s 0004f000 08:06 1582967                    /home/sebastian/.gradle/caches/jars-1/lx7cd34m09bn56fdke7xikr221f6475/gradle-tooling-api-2.14.1.jar
7fdab8e51000-7fdab8e54000 ---p 00000000 00:00 0 
7fdab8e54000-7fdab9152000 rw-p 00000000 00:00 0 
7fdab9152000-7fdab9352000 rw-p 00000000 00:00 0 
7fdab9352000-7fdab9552000 rw-p 00000000 00:00 0 
7fdab9552000-7fdab95ca000 r--s 010eb000 08:06 1707451                    /home/sebastian/android-studio/jre/lib/tools.jar
7fdab95ca000-7fdab95cd000 ---p 00000000 00:00 0 
7fdab95cd000-7fdab96cb000 rw-p 00000000 00:00 0 
7fdab96cb000-7fdab96ce000 ---p 00000000 00:00 0 
7fdab96ce000-7fdab97cc000 rw-p 00000000 00:00 0 
7fdab97cc000-7fdab97cf000 ---p 00000000 00:00 0 
7fdab97cf000-7fdab98cd000 rw-p 00000000 00:00 0 
7fdab98cd000-7fdab98d0000 ---p 00000000 00:00 0 
7fdab98d0000-7fdab99ce000 rw-p 00000000 00:00 0 
7fdab99ce000-7fdab99d1000 ---p 00000000 00:00 0 
7fdab99d1000-7fdab9acf000 rw-p 00000000 00:00 0 
7fdab9acf000-7fdab9ad2000 ---p 00000000 00:00 0 
7fdab9ad2000-7fdab9dd0000 rw-p 00000000 00:00 0 
7fdab9dd0000-7fdab9dd3000 ---p 00000000 00:00 0 
7fdab9dd3000-7fdab9ed1000 rw-p 00000000 00:00 0 
7fdab9ed1000-7fdab9ed8000 r--s 00000000 08:06 1316731                    /usr/lib/x86_64-linux-gnu/gconv/gconv-modules.cache
7fdab9ed8000-7fdab9edb000 ---p 00000000 00:00 0 
7fdab9edb000-7fdab9fd9000 rw-p 00000000 00:00 0 
7fdab9fd9000-7fdab9fe2000 r-xp 00000000 08:06 1707587                    /home/sebastian/android-studio/jre/jre/lib/amd64/libmanagement.so
7fdab9fe2000-7fdaba1e1000 ---p 00009000 08:06 1707587                    /home/sebastian/android-studio/jre/jre/lib/amd64/libmanagement.so
7fdaba1e1000-7fdaba1e2000 r--p 00008000 08:06 1707587                    /home/sebastian/android-studio/jre/jre/lib/amd64/libmanagement.so
7fdaba1e2000-7fdaba1e3000 rw-p 00009000 08:06 1707587                    /home/sebastian/android-studio/jre/jre/lib/amd64/libmanagement.so
7fdaba1e3000-7fdaba1e7000 r--s 00097000 08:06 1707561                    /home/sebastian/android-studio/jre/jre/lib/jsse.jar
7fdaba1e7000-7fdaba1e9000 r--s 00007000 08:06 1707810                    /home/sebastian/android-studio/gradle/gradle-2.14.1/lib/plugins/gradle-tooling-api-builders-2.14.1.jar
7fdaba1e9000-7fdaba1ec000 r--s 00008000 08:06 1707804                    /home/sebastian/android-studio/gradle/gradle-2.14.1/lib/plugins/gradle-testing-native-2.14.1.jar
7fdaba1ec000-7fdaba1ee000 r--s 00009000 08:06 1707885                    /home/sebastian/android-studio/gradle/gradle-2.14.1/lib/plugins/hamcrest-core-1.3.jar
7fdaba1ee000-7fdaba1f4000 r--s 00033000 08:06 1707815                    /home/sebastian/android-studio/gradle/gradle-2.14.1/lib/plugins/snakeyaml-1.6.jar
7fdaba1f4000-7fdaba1f6000 r--s 00006000 08:06 1707836                    /home/sebastian/android-studio/gradle/gradle-2.14.1/lib/plugins/jcommander-1.12.jar
7fdaba1f6000-7fdaba1fb000 r--s 00040000 08:06 1707813                    /home/sebastian/android-studio/gradle/gradle-2.14.1/lib/plugins/bsh-2.0b4.jar
7fdaba1fb000-7fdaba204000 r--s 00089000 08:06 1707839                    /home/sebastian/android-studio/gradle/gradle-2.14.1/lib/plugins/testng-6.3.1.jar
7fdaba204000-7fdaba20c000 r--s 00045000 08:06 1707844                    /home/sebastian/android-studio/gradle/gradle-2.14.1/lib/plugins/junit-4.12.jar
7fdaba20c000-7fdaba212000 r--s 0002e000 08:06 1707820                    /home/sebastian/android-studio/gradle/gradle-2.14.1/lib/plugins/gradle-testing-jvm-2.14.1.jar
7fdaba212000-7fdaba217000 r--s 00015000 08:06 1707829                    /home/sebastian/android-studio/gradle/gradle-2.14.1/lib/plugins/gradle-testing-base-2.14.1.jar
7fdaba217000-7fdaba218000 r--s 00002000 08:06 1707842                    /home/sebastian/android-studio/gradle/gradle-2.14.1/lib/plugins/sonar-batch-bootstrapper-2.9.jar
7fdaba218000-7fdaba21b000 r--s 00015000 08:06 1707819                    /home/sebastian/android-studio/gradle/gradle-2.14.1/lib/plugins/gradle-sonar-2.14.1.jar
7fdaba21b000-7fdaba222000 r--s 00038000 08:06 1707860                    /home/sebastian/android-studio/gradle/gradle-2.14.1/lib/plugins/bcpg-jdk15on-1.51.jar
7fdaba222000-7fdaba224000 r--s 0000d000 08:06 1707866                    /home/sebastian/android-studio/gradle/gradle-2.14.1/lib/plugins/gradle-signing-2.14.1.jar
7fdaba224000-7fdaba227000 r--s 00009000 08:06 1707849                    /home/sebastian/android-studio/gradle/gradle-2.14.1/lib/plugins/gradle-scala-2.14.1.jar
7fdaba227000-7fdaba228000 r--s 00004000 08:06 1707873                    /home/sebastian/android-studio/gradle/gradle-2.14.1/lib/plugins/gradle-resources-sftp-2.14.1.jar
7fdaba228000-7fdaba238000 r--s 00088000 08:06 1707826                    /home/sebastian/android-studio/gradle/gradle-2.14.1/lib/plugins/joda-time-2.8.2.jar
7fdaba238000-7fdaba249000 r--s 000cf000 08:06 1707892                    /home/sebastian/android-studio/gradle/gradle-2.14.1/lib/plugins/jackson-databind-2.3.2.jar
7fdaba249000-7fdaba24b000 r--s 00007000 08:06 1707855                    /home/sebastian/android-studio/gradle/gradle-2.14.1/lib/plugins/jackson-annotations-2.3.2.jar
7fdaba24b000-7fdaba24e000 r--s 0002e000 08:06 1707862                    /home/sebastian/android-studio/gradle/gradle-2.14.1/lib/plugins/jackson-core-2.3.2.jar
7fdaba24e000-7fdaba259000 r--s 0006b000 08:06 1707909                    /home/sebastian/android-studio/gradle/gradle-2.14.1/lib/plugins/aws-java-sdk-core-1.9.19.jar
7fdaba259000-7fdaba25f000 r--s 00036000 08:06 1707854                    /home/sebastian/android-studio/gradle/gradle-2.14.1/lib/plugins/aws-java-sdk-kms-1.9.19.jar
7fdaba25f000-7fdaba26a000 r--s 00079000 08:06 1707841                    /home/sebastian/android-studio/gradle/gradle-2.14.1/lib/plugins/aws-java-sdk-s3-1.9.19.jar
7fdaba26a000-7fdaba26b000 r--s 00003000 08:06 1707888                    /home/sebastian/android-studio/gradle/gradle-2.14.1/lib/plugins/gradle-resources-s3-2.14.1.jar
7fdaba26b000-7fdaba26d000 r--s 00005000 08:06 1707883                    /home/sebastian/android-studio/gradle/gradle-2.14.1/lib/plugins/jatl-0.2.2.jar
7fdaba26d000-7fdaba26f000 r--s 0000f000 08:06 1707900                    /home/sebastian/android-studio/gradle/gradle-2.14.1/lib/plugins/gradle-reporting-2.14.1.jar
7fdaba26f000-7fdaba271000 r--s 00002000 08:06 1707859                    /home/sebastian/android-studio/gradle/gradle-2.14.1/lib/plugins/gradle-publish-2.14.1.jar
7fdaba271000-7fdaba273000 r--s 00009000 08:06 1707832                    /home/sebastian/android-studio/gradle/gradle-2.14.1/lib/plugins/commons-cli-1.2.jar
7fdaba273000-7fdaba279000 r--s 00033000 08:06 1707843                    /home/sebastian/android-studio/gradle/gradle-2.14.1/lib/plugins/gradle-plugins-2.14.1.jar
7fdaba279000-7fdaba27b000 r--s 00007000 08:06 1707807                    /home/sebastian/android-studio/gradle/gradle-2.14.1/lib/plugins/gradle-plugin-development-2.14.1.jar
7fdaba27b000-7fdaba281000 r--s 0002a000 08:06 1707865                    /home/sebastian/android-studio/gradle/gradle-2.14.1/lib/plugins/gradle-platform-play-2.14.1.jar
7fdaba281000-7fdaba28e000 r--s 0004d000 08:06 1707864                    /home/sebastian/android-studio/gradle/gradle-2.14.1/lib/plugins/gradle-platform-native-2.14.1.jar
7fdaba28e000-7fdaba292000 r--s 0001a000 08:06 1707886                    /home/sebastian/android-studio/gradle/gradle-2.14.1/lib/plugins/gradle-platform-jvm-2.14.1.jar
7fdaba292000-7fdaba299000 r--s 00029000 08:06 1707835                    /home/sebastian/android-studio/gradle/gradle-2.14.1/lib/plugins/gradle-platform-base-2.14.1.jar
7fdaba299000-7fdaba2ba000 r--s 001c3000 08:06 1707811                    /home/sebastian/android-studio/gradle/gradle-2.14.1/lib/plugins/bndlib-2.4.0.jar
7fdaba2ba000-7fdaba2bc000 r--s 00003000 08:06 1707891                    /home/sebastian/android-studio/gradle/gradle-2.14.1/lib/plugins/gradle-osgi-2.14.1.jar
7fdaba2bc000-7fdaba2bf000 r--s 0000c000 08:06 1707895                    /home/sebastian/android-studio/gradle/gradle-2.14.1/lib/plugins/pmaven-groovy-0.8-20100325.jar
7fdaba2bf000-7fdaba2c0000 r--s 00004000 08:06 1707881                    /home/sebastian/android-studio/gradle/gradle-2.14.1/lib/plugins/pmaven-common-0.8-20100325.jar
7fdaba2c0000-7fdaba2c6000 r--s 00022000 08:06 1707834                    /home/sebastian/android-studio/gradle/gradle-2.14.1/lib/plugins/gradle-maven-2.14.1.jar
7fdaba2c6000-7fdaba2c8000 r--s 0000a000 08:06 1707816                    /home/sebastian/android-studio/gradle/gradle-2.14.1/lib/plugins/gradle-language-scala-2.14.1.jar
7fdaba2c8000-7fdaba2ce000 r--s 0001a000 08:06 1707821                    /home/sebastian/android-studio/gradle/gradle-2.14.1/lib/plugins/gradle-language-native-2.14.1.jar
7fdaba2ce000-7fdaba2d0000 r--s 00008000 08:06 1707809                    /home/sebastian/android-studio/gradle/gradle-2.14.1/lib/plugins/gradle-language-jvm-2.14.1.jar
7fdaba2d0000-7fdaba2d6000 r--s 00024000 08:06 1707882                    /home/sebastian/android-studio/gradle/gradle-2.14.1/lib/plugins/gradle-language-java-2.14.1.jar
7fdaba2d6000-7fdaba2d8000 r--s 0000a000 08:06 1707863                    /home/sebastian/android-studio/gradle/gradle-2.14.1/lib/plugins/gradle-language-groovy-2.14.1.jar
7fdaba2d8000-7fdaba2db000 r--s 0001e000 08:06 1707803                    /home/sebastian/android-studio/gradle/gradle-2.14.1/lib/plugins/jsp-api-2.1-6.1.14.jar
7fdaba2db000-7fdaba2fe000 r--s 00344000 08:06 1707856                    /home/sebastian/android-studio/gradle/gradle-2.14.1/lib/plugins/core-3.1.1.jar
7fdaba2fe000-7fdaba2ff000 r--s 00006000 08:06 1707893                    /home/sebastian/android-studio/gradle/gradle-2.14.1/lib/plugins/jetty-naming-6.1.25.jar
7fdaba2ff000-7fdaba300000 r--s 00002000 08:06 1707851                    /home/sebastian/android-studio/gradle/gradle-2.14.1/lib/plugins/geronimo-annotation_1.0_spec-1.0.jar
7fdaba300000-7fdaba302000 r--s 00002000 08:06 1707889                    /home/sebastian/android-studio/gradle/gradle-2.14.1/lib/plugins/jetty-annotations-6.1.25.jar
7fdaba302000-7fdaba313000 r--s 000ea000 08:06 1707902                    /home/sebastian/android-studio/gradle/gradle-2.14.1/lib/plugins/jsp-2.1-6.1.14.jar
7fdaba313000-7fdaba315000 r--s 0000d000 08:06 1707857                    /home/sebastian/android-studio/gradle/gradle-2.14.1/lib/plugins/jetty-plus-6.1.25.jar
7fdaba315000-7fdaba317000 r--s 0001f000 08:06 1707916                    /home/sebastian/android-studio/gradle/gradle-2.14.1/lib/plugins/servlet-api-2.5-20081211.jar
7fdaba317000-7fdaba31b000 r--s 00028000 08:06 1707837                    /home/sebastian/android-studio/gradle/gradle-2.14.1/lib/plugins/jetty-util-6.1.25.jar
7fdaba31b000-7fdaba322000 r--s 0007d000 08:06 1707845                    /home/sebastian/android-studio/gradle/gradle-2.14.1/lib/plugins/jetty-6.1.25.jar
7fdaba322000-7fdaba324000 r--s 00009000 08:06 1707898                    /home/sebastian/android-studio/gradle/gradle-2.14.1/lib/plugins/gradle-jetty-2.14.1.jar
7fdaba324000-7fdaba32b000 r--s 00035000 08:06 1707912                    /home/sebastian/android-studio/gradle/gradle-2.14.1/lib/plugins/simple-4.1.21.jar
7fdaba32b000-7fdaba337000 r--s 00100000 08:06 1707827                    /home/sebastian/android-studio/gradle/gradle-2.14.1/lib/plugins/rhino-1.7R3.jar
7fdaba337000-7fdaba33b000 r--s 00011000 08:06 1707880                    /home/sebastian/android-studio/gradle/gradle-2.14.1/lib/plugins/gradle-javascript-2.14.1.jar
7fdaba33b000-7fdaba33d000 r--s 0000c000 08:06 1707914                    /home/sebastian/android-studio/gradle/gradle-2.14.1/lib/plugins/gradle-jacoco-2.14.1.jar
7fdaba33d000-7fdaba340000 r--s 0000e000 08:06 1707911                    /home/sebastian/android-studio/gradle/gradle-2.14.1/lib/plugins/gradle-ivy-2.14.1.jar
7fdaba340000-7fdaba341000 r--s 00002000 08:06 1707903                    /home/sebastian/android-studio/gradle/gradle-2.14.1/lib/plugins/gradle-ide-play-2.14.1.jar
7fdaba341000-7fdaba346000 r--s 0002b000 08:06 1707899                    /home/sebastian/android-studio/gradle/gradle-2.14.1/lib/plugins/gradle-ide-native-2.14.1.jar
7fdaba346000-7fdaba351000 r--s 00066000 08:06 1707817                    /home/sebastian/android-studio/gradle/gradle-2.14.1/lib/plugins/gradle-ide-2.14.1.jar
7fdaba351000-7fdaba352000 r--s 00008000 08:06 1707814                    /home/sebastian/android-studio/gradle/gradle-2.14.1/lib/plugins/gradle-ear-2.14.1.jar
7fdaba352000-7fdaba358000 r--s 00032000 08:06 1707825                    /home/sebastian/android-studio/gradle/gradle-2.14.1/lib/plugins/gradle-diagnostics-2.14.1.jar
7fdaba358000-7fdaba35c000 r--s 00021000 08:06 1707901                    /home/sebastian/android-studio/gradle/gradle-2.14.1/lib/plugins/gradle-code-quality-2.14.1.jar
7fdaba35c000-7fdaba360000 r--s 0001f000 08:06 1707824                    /home/sebastian/android-studio/gradle/gradle-2.14.1/lib/plugins/gradle-build-init-2.14.1.jar
7fdaba360000-7fdaba367000 r--s 0008e000 08:06 1707908                    /home/sebastian/android-studio/gradle/gradle-2.14.1/lib/plugins/gradle-build-comparison-2.14.1.jar
7fdaba367000-7fdaba369000 r--s 00008000 08:06 1707884                    /home/sebastian/android-studio/gradle/gradle-2.14.1/lib/plugins/gradle-antlr-2.14.1.jar
7fdaba369000-7fdaba36b000 r--s 00004000 08:06 1707910                    /home/sebastian/android-studio/gradle/gradle-2.14.1/lib/plugins/gradle-announce-2.14.1.jar
7fdaba36b000-7fdaba383000 r--s 00115000 08:06 1707848                    /home/sebastian/android-studio/gradle/gradle-2.14.1/lib/plugins/xercesImpl-2.9.1.jar
7fdaba383000-7fdaba38b000 r--s 00028000 08:06 1707876                    /home/sebastian/android-studio/gradle/gradle-2.14.1/lib/plugins/xml-apis-1.3.04.jar
7fdaba38b000-7fdaba391000 r--s 0005b000 08:06 1707867                    /home/sebastian/android-studio/gradle/gradle-2.14.1/lib/plugins/jcifs-1.3.17.jar
7fdaba391000-7fdaba398000 r--s 00049000 08:06 1707878                    /home/sebastian/android-studio/gradle/gradle-2.14.1/lib/plugins/httpcore-4.4.4.jar
7fdaba398000-7fdaba39e000 r--s 00033000 08:06 1707823                    /home/sebastian/android-studio/gradle/gradle-2.14.1/lib/plugins/commons-codec-1.6.jar
7fdaba39e000-7fdaba3a1000 r--s 0001c000 08:06 1707818                    /home/sebastian/android-studio/gradle/gradle-2.14.1/lib/plugins/nekohtml-1.9.14.jar
7fdaba3a1000-7fdaba3ae000 r--s 000a4000 08:06 1707896                    /home/sebastian/android-studio/gradle/gradle-2.14.1/lib/plugins/httpclient-4.4.1.jar
7fdaba3ae000-7fdaba3b0000 r--s 0000a000 08:06 1707805                    /home/sebastian/android-studio/gradle/gradle-2.14.1/lib/plugins/gradle-resources-http-2.14.1.jar
7fdaba3b0000-7fdaba3b4000 r--s 00014000 08:06 1707870                    /home/sebastian/android-studio/gradle/gradle-2.14.1/lib/plugins/gradle-plugin-use-2.14.1.jar
7fdaba3b4000-7fdaba3b5000 r--s 00000000 08:06 1707761                    /home/sebastian/android-studio/gradle/gradle-2.14.1/lib/gradle-installation-beacon-2.14.1.jar
7fdaba3b5000-7fdaba3b6000 r--s 00007000 08:06 1707833                    /home/sebastian/android-studio/gradle/gradle-2.14.1/lib/plugins/wagon-http-shared4-2.4.jar
7fdaba3b6000-7fdaba3ba000 r--s 00033000 08:06 1707887                    /home/sebastian/android-studio/gradle/gradle-2.14.1/lib/plugins/plexus-utils-2.0.6.jar
7fdaba3ba000-7fdaba3be000 r--s 00021000 08:06 1707869                    /home/sebastian/android-studio/gradle/gradle-2.14.1/lib/plugins/maven-model-builder-3.0.4.jar
7fdaba3be000-7fdaba3bf000 r--s 00002000 08:06 1707822                    /home/sebastian/android-studio/gradle/gradle-2.14.1/lib/plugins/wagon-file-2.4.jar
7fdaba3bf000-7fdaba3c1000 r--s 00002000 08:06 1707879                    /home/sebastian/android-studio/gradle/gradle-2.14.1/lib/plugins/plexus-cipher-1.7.jar
7fdaba3c1000-7fdaba3c4000 r--s 00013000 08:06 1707915                    /home/sebastian/android-studio/gradle/gradle-2.14.1/lib/plugins/aether-api-1.13.1.jar
7fdaba3c4000-7fdaba3c6000 r--s 0000a000 08:06 1707838                    /home/sebastian/android-studio/gradle/gradle-2.14.1/lib/plugins/maven-settings-3.0.4.jar
7fdaba3c6000-7fdaba3c8000 r--s 0000d000 08:06 1707871                    /home/sebastian/android-studio/gradle/gradle-2.14.1/lib/plugins/plexus-interpolation-1.14.jar
7fdaba3c8000-7fdaba3ca000 r--s 0000b000 08:06 1707894                    /home/sebastian/android-studio/gradle/gradle-2.14.1/lib/plugins/maven-artifact-3.0.4.jar
7fdaba3ca000-7fdaba3d1000 r--s 0002e000 08:06 1707830                    /home/sebastian/android-studio/gradle/gradle-2.14.1/lib/plugins/plexus-container-default-1.5.5.jar
7fdaba3d1000-7fdaba3d3000 r--s 0000b000 08:06 1707858                    /home/sebastian/android-studio/gradle/gradle-2.14.1/lib/plugins/maven-plugin-api-3.0.4.jar
7fdaba3d3000-7fdaba3d5000 r--s 00000000 08:06 1707861                    /home/sebastian/android-studio/gradle/gradle-2.14.1/lib/plugins/plexus-component-annotations-1.5.5.jar
7fdaba3d5000-7fdaba3db000 r--s 0003f000 08:06 1707872                    /home/sebastian/android-studio/gradle/gradle-2.14.1/lib/plugins/maven-compat-3.0.4.jar
7fdaba3db000-7fdaba3de000 r--s 00008000 08:06 1707846                    /home/sebastian/android-studio/gradle/gradle-2.14.1/lib/plugins/maven-settings-builder-3.0.4.jar
7fdaba3de000-7fdaba3df000 r--s 00002000 08:06 1707802                    /home/sebastian/android-studio/gradle/gradle-2.14.1/lib/plugins/wagon-http-2.4.jar
7fdaba3df000-7fdaba3e1000 r--s 00026000 08:06 1707913                    /home/sebastian/android-studio/gradle/gradle-2.14.1/lib/plugins/maven-model-3.0.4.jar
7fdaba3e1000-7fdaba3e3000 r--s 00006000 08:06 1707890                    /home/sebastian/android-studio/gradle/gradle-2.14.1/lib/plugins/aether-connector-wagon-1.13.1.jar
7fdaba3e3000-7fdaba3e5000 r--s 0000a000 08:06 1707831                    /home/sebastian/android-studio/gradle/gradle-2.14.1/lib/plugins/plexus-classworlds-2.4.jar
7fdaba3e5000-7fdaba3e7000 r--s 00006000 08:06 1707874                    /home/sebastian/android-studio/gradle/gradle-2.14.1/lib/plugins/maven-repository-metadata-3.0.4.jar
7fdaba3e7000-7fdaba3e9000 r--s 0000c000 08:06 1707850                    /home/sebastian/android-studio/gradle/gradle-2.14.1/lib/plugins/maven-aether-provider-3.0.4.jar
7fdaba3e9000-7fdaba3eb000 r--s 0000b000 08:06 1707840                    /home/sebastian/android-studio/gradle/gradle-2.14.1/lib/plugins/wagon-provider-api-2.4.jar
7fdaba3eb000-7fdaba3ec000 r--s 00003000 08:06 1707806                    /home/sebastian/android-studio/gradle/gradle-2.14.1/lib/plugins/aether-spi-1.13.1.jar
7fdaba3ec000-7fdaba3f0000 r--s 0001c000 08:06 1707904                    /home/sebastian/android-studio/gradle/gradle-2.14.1/lib/plugins/aether-util-1.13.1.jar
7fdaba3f0000-7fdaba3f3000 r--s 0001d000 08:06 1707868                    /home/sebastian/android-studio/gradle/gradle-2.14.1/lib/plugins/aether-impl-1.13.1.jar
7fdaba3f3000-7fdaba3f8000 r--s 00040000 08:06 1707808                    /home/sebastian/android-studio/gradle/gradle-2.14.1/lib/plugins/jsch-0.1.53.jar
7fdaba3f8000-7fdaba438000 r--s 00277000 08:06 1707812                    /home/sebastian/android-studio/gradle/gradle-2.14.1/lib/plugins/bcprov-jdk15on-1.51.jar
7fdaba438000-7fdaba43c000 r--s 0001d000 08:06 1707853                    /home/sebastian/android-studio/gradle/gradle-2.14.1/lib/plugins/xbean-reflect-3.4.jar
7fdaba43c000-7fdaba448000 r--s 0007d000 08:06 1707877                    /home/sebastian/android-studio/gradle/gradle-2.14.1/lib/plugins/maven-core-3.0.4.jar
7fdaba448000-7fdaba464000 r--s 000d3000 08:06 1707852                    /home/sebastian/android-studio/gradle/gradle-2.14.1/lib/plugins/gradle-dependency-management-2.14.1.jar
7fdaba464000-7fdaba47a000 r-xp 00000000 08:06 2228482                    /lib/x86_64-linux-gnu/libgcc_s.so.1
7fdaba47a000-7fdaba679000 ---p 00016000 08:06 2228482                    /lib/x86_64-linux-gnu/libgcc_s.so.1
7fdaba679000-7fdaba67a000 rw-p 00015000 08:06 2228482                    /lib/x86_64-linux-gnu/libgcc_s.so.1
7fdaba67a000-7fdaba760000 r-xp 00000000 08:06 1046706                    /usr/lib/x86_64-linux-gnu/libstdc++.so.6.0.19
7fdaba760000-7fdaba95f000 ---p 000e6000 08:06 1046706                    /usr/lib/x86_64-linux-gnu/libstdc++.so.6.0.19
7fdaba95f000-7fdaba967000 r--p 000e5000 08:06 1046706                    /usr/lib/x86_64-linux-gnu/libstdc++.so.6.0.19
7fdaba967000-7fdaba969000 rw-p 000ed000 08:06 1046706                    /usr/lib/x86_64-linux-gnu/libstdc++.so.6.0.19
7fdaba969000-7fdaba97e000 rw-p 00000000 00:00 0 
7fdaba97e000-7fdaba97f000 r--s 00006000 08:06 1707875                    /home/sebastian/android-studio/gradle/gradle-2.14.1/lib/plugins/plexus-sec-dispatcher-1.3.jar
7fdaba97f000-7fdaba984000 r--s 0002a000 08:06 1707847                    /home/sebastian/android-studio/gradle/gradle-2.14.1/lib/plugins/gson-2.2.4.jar
7fdaba984000-7fdaba993000 r--s 000d9000 08:06 1707828                    /home/sebastian/android-studio/gradle/gradle-2.14.1/lib/plugins/ivy-2.2.0.jar
7fdaba993000-7fdaba997000 r-xp 00000000 08:06 1582953                    /home/sebastian/.gradle/native/19/linux-amd64/libnative-platform.so
7fdaba997000-7fdabab96000 ---p 00004000 08:06 1582953                    /home/sebastian/.gradle/native/19/linux-amd64/libnative-platform.so
7fdabab96000-7fdabab97000 rw-p 00003000 08:06 1582953                    /home/sebastian/.gradle/native/19/linux-amd64/libnative-platform.so
7fdabab97000-7fdababa8000 r-xp 00000000 08:06 1707575                    /home/sebastian/android-studio/jre/jre/lib/amd64/libnio.so
7fdababa8000-7fdabada7000 ---p 00011000 08:06 1707575                    /home/sebastian/android-studio/jre/jre/lib/amd64/libnio.so
7fdabada7000-7fdabada8000 r--p 00010000 08:06 1707575                    /home/sebastian/android-studio/jre/jre/lib/amd64/libnio.so
7fdabada8000-7fdabada9000 rw-p 00011000 08:06 1707575                    /home/sebastian/android-studio/jre/jre/lib/amd64/libnio.so
7fdabada9000-7fdabadc0000 r-xp 00000000 08:06 1707573                    /home/sebastian/android-studio/jre/jre/lib/amd64/libnet.so
7fdabadc0000-7fdabafbf000 ---p 00017000 08:06 1707573                    /home/sebastian/android-studio/jre/jre/lib/amd64/libnet.so
7fdabafbf000-7fdabafc0000 r--p 00016000 08:06 1707573                    /home/sebastian/android-studio/jre/jre/lib/amd64/libnet.so
7fdabafc0000-7fdabafc1000 rw-p 00017000 08:06 1707573                    /home/sebastian/android-studio/jre/jre/lib/amd64/libnet.so
7fdabafc1000-7fdabafcb000 r--s 00116000 08:06 1707531                    /home/sebastian/android-studio/jre/jre/lib/ext/localedata.jar
7fdabafcb000-7fdabafcd000 r--s 00005000 08:06 1707771                    /home/sebastian/android-studio/gradle/gradle-2.14.1/lib/gradle-wrapper-2.14.1.jar
7fdabafcd000-7fdabafdb000 r--s 0004f000 08:06 1707756                    /home/sebastian/android-studio/gradle/gradle-2.14.1/lib/gradle-tooling-api-2.14.1.jar
7fdabafdb000-7fdabafdd000 r--s 00002000 08:06 1707760                    /home/sebastian/android-studio/gradle/gradle-2.14.1/lib/gradle-open-api-2.14.1.jar
7fdabafdd000-7fdabafe3000 r--s 00032000 08:06 1707794                    /home/sebastian/android-studio/gradle/gradle-2.14.1/lib/jaxen-1.1.jar
7fdabafe3000-7fdabafe8000 r--s 00048000 08:06 1707759                    /home/sebastian/android-studio/gradle/gradle-2.14.1/lib/dom4j-1.6.1.jar
7fdabafe8000-7fdabaff3000 r--s 00059000 08:06 1707788                    /home/sebastian/android-studio/gradle/gradle-2.14.1/lib/gradle-ui-2.14.1.jar
7fdabaff3000-7fdabaff6000 r--s 0000b000 08:06 1707917                    /home/sebastian/android-studio/gradle/gradle-2.14.1/lib/gradle-resources-2.14.1.jar
7fdabaff6000-7fdabaff8000 r--s 00003000 08:06 1707797                    /home/sebastian/android-studio/gradle/gradle-2.14.1/lib/jcl-over-slf4j-1.7.10.jar
7fdabaff8000-7fdabaff9000 r--s 00005000 08:06 1707791                    /home/sebastian/android-studio/gradle/gradle-2.14.1/lib/log4j-over-slf4j-1.7.10.jar
7fdabaff9000-7fdabaffb000 r--s 00000000 08:06 1707918                    /home/sebastian/android-studio/gradle/gradle-2.14.1/lib/jul-to-slf4j-1.7.10.jar
7fdabaffb000-7fdabb000000 r--s 0001c000 08:06 1707769                    /home/sebastian/android-studio/gradle/gradle-2.14.1/lib/gradle-logging-2.14.1.jar
7fdabb000000-7fdabb002000 r--s 00007000 08:06 1707800                    /home/sebastian/android-studio/gradle/gradle-2.14.1/lib/objenesis-1.2.jar
7fdabb002000-7fdabb004000 r--s 00000000 08:06 1707764                    /home/sebastian/android-studio/gradle/gradle-2.14.1/lib/minlog-1.2.jar
7fdabb004000-7fdabb006000 r--s 0000f000 08:06 1707775                    /home/sebastian/android-studio/gradle/gradle-2.14.1/lib/reflectasm-1.07-shaded.jar
7fdabb006000-7fdabb00a000 r--s 00026000 08:06 1707789                    /home/sebastian/android-studio/gradle/gradle-2.14.1/lib/kryo-2.20.jar
7fdabb00a000-7fdabb010000 r--s 00025000 08:06 1707758                    /home/sebastian/android-studio/gradle/gradle-2.14.1/lib/gradle-messaging-2.14.1.jar
7fdabb010000-7fdabb011000 r--s 00003000 08:06 1707796                    /home/sebastian/android-studio/gradle/gradle-2.14.1/lib/native-platform-freebsd-amd64-0.10.jar
7fdabb011000-7fdabb012000 r--s 00003000 08:06 1707778                    /home/sebastian/android-studio/gradle/gradle-2.14.1/lib/native-platform-freebsd-i386-0.10.jar
7fdabb012000-7fdabb013000 r--s 00005000 08:06 1707766                    /home/sebastian/android-studio/gradle/gradle-2.14.1/lib/native-platform-windows-i386-0.10.jar
7fdabb013000-7fdabb014000 r--s 00005000 08:06 1707765                    /home/sebastian/android-studio/gradle/gradle-2.14.1/lib/native-platform-windows-amd64-0.10.jar
7fdabb014000-7fdabb015000 r--s 00003000 08:06 1707779                    /home/sebastian/android-studio/gradle/gradle-2.14.1/lib/native-platform-linux-i386-0.10.jar
7fdabb015000-7fdabb016000 r--s 00003000 08:06 1707763                    /home/sebastian/android-studio/gradle/gradle-2.14.1/lib/native-platform-linux-amd64-0.10.jar
7fdabb016000-7fdabb017000 r--s 00002000 08:06 1707762                    /home/sebastian/android-studio/gradle/gradle-2.14.1/lib/native-platform-osx-amd64-0.10.jar
7fdabb017000-7fdabb018000 r--s 00002000 08:06 1707792                    /home/sebastian/android-studio/gradle/gradle-2.14.1/lib/native-platform-osx-i386-0.10.jar
7fdabb018000-7fdabb01a000 r--s 00008000 08:06 1707793                    /home/sebastian/android-studio/gradle/gradle-2.14.1/lib/jansi-1.2.1.jar
7fdabb01a000-7fdabb01d000 r--s 0000d000 08:06 1707787                    /home/sebastian/android-studio/gradle/gradle-2.14.1/lib/native-platform-0.10.jar
7fdabb01d000-7fdabb021000 r--s 000e4000 08:06 1707786                    /home/sebastian/android-studio/gradle/gradle-2.14.1/lib/jna-3.2.7.jar
7fdabb021000-7fdabb023000 r--s 00009000 08:06 1707798                    /home/sebastian/android-studio/gradle/gradle-2.14.1/lib/gradle-native-2.14.1.jar
7fdabb023000-7fdabb025000 r--s 00005000 08:06 1707799                    /home/sebastian/android-studio/gradle/gradle-2.14.1/lib/gradle-cli-2.14.1.jar
7fdabb025000-7fdabb027000 r--s 00007000 08:06 1707768                    /home/sebastian/android-studio/gradle/gradle-2.14.1/lib/gradle-model-groovy-2.14.1.jar
7fdabb027000-7fdabb028000 r--s 00006000 08:06 1707783                    /home/sebastian/android-studio/gradle/gradle-2.14.1/lib/gradle-base-services-groovy-2.14.1.jar
7fdabb028000-7fdabb037000 r--s 00080000 08:06 1707784                    /home/sebastian/android-studio/gradle/gradle-2.14.1/lib/gradle-model-core-2.14.1.jar
7fdabb037000-7fdabb038000 r--s 00002000 08:06 1707776                    /home/sebastian/android-studio/gradle/gradle-2.14.1/lib/gradle-docs-2.14.1.jar
7fdabb038000-7fdabb039000 r--s 00000000 08:06 1707920                    /home/sebastian/android-studio/gradle/gradle-2.14.1/lib/javax.inject-1.jar
7fdabb039000-7fdabb03d000 r--s 00027000 08:06 1707790                    /home/sebastian/android-studio/gradle/gradle-2.14.1/lib/commons-io-2.2.jar
7fdabb03d000-7fdabb04a000 r--s 00083000 08:06 1707919                    /home/sebastian/android-studio/gradle/gradle-2.14.1/lib/commons-collections-3.2.2.jar
7fdabb04a000-7fdabb04f000 r--s 00038000 08:06 1707780                    /home/sebastian/android-studio/gradle/gradle-2.14.1/lib/asm-all-5.1.jar
7fdabb04f000-7fdabb0be000 r--s 0063e000 08:06 1707921                    /home/sebastian/android-studio/gradle/gradle-2.14.1/lib/groovy-all-2.4.4.jar
7fdabb0be000-7fdabb0e6000 r--s 001cf000 08:06 1707772                    /home/sebastian/android-studio/gradle/gradle-2.14.1/lib/guava-jdk5-17.0.jar
7fdabb0e6000-7fdabb0e7000 ---p 00000000 00:00 0 
7fdabb0e7000-7fdabb1e7000 rw-p 00000000 00:00 0 
7fdabb1e7000-7fdabb1ea000 ---p 00000000 00:00 0 
7fdabb1ea000-7fdabb2e8000 rw-p 00000000 00:00 0 
7fdabb2e8000-7fdabb2eb000 ---p 00000000 00:00 0 
7fdabb2eb000-7fdabb3e9000 rw-p 00000000 00:00 0 
7fdabb3e9000-7fdabb3ec000 ---p 00000000 00:00 0 
7fdabb3ec000-7fdabb4ea000 rw-p 00000000 00:00 0 
7fdabb4ea000-7fdabb4ed000 ---p 00000000 00:00 0 
7fdabb4ed000-7fdabb5eb000 rw-p 00000000 00:00 0 
7fdabb5eb000-7fdabbdfe000 r--p 00000000 08:06 1054586                    /usr/lib/locale/locale-archive
7fdabbdfe000-7fdabbe01000 ---p 00000000 00:00 0 
7fdabbe01000-7fdabbeff000 rw-p 00000000 00:00 0 
7fdabbeff000-7fdabbf02000 ---p 00000000 00:00 0 
7fdabbf02000-7fdabc000000 rw-p 00000000 00:00 0 
7fdabc000000-7fdabc2c1000 rw-p 00000000 00:00 0 
7fdabc2c1000-7fdac0000000 ---p 00000000 00:00 0 
7fdac0000000-7fdac0021000 rw-p 00000000 00:00 0 
7fdac0021000-7fdac4000000 ---p 00000000 00:00 0 
7fdac4000000-7fdac4057000 rw-p 00000000 00:00 0 
7fdac4057000-7fdac8000000 ---p 00000000 00:00 0 
7fdac8000000-7fdac8001000 r--s 00000000 08:06 1707774                    /home/sebastian/android-studio/gradle/gradle-2.14.1/lib/jcip-annotations-1.0.jar
7fdac8001000-7fdac8002000 r--s 00001000 08:06 1707795                    /home/sebastian/android-studio/gradle/gradle-2.14.1/lib/gradle-process-services-2.14.1.jar
7fdac8002000-7fdac8003000 r--s 00000000 08:06 1707757                    /home/sebastian/android-studio/gradle/gradle-2.14.1/lib/gradle-jvm-services-2.14.1.jar
7fdac8003000-7fdac8008000 r--s 00041000 08:06 1707782                    /home/sebastian/android-studio/gradle/gradle-2.14.1/lib/commons-lang-2.6.jar
7fdac8008000-7fdac8027000 r--s 001d1000 08:06 1707770                    /home/sebastian/android-studio/gradle/gradle-2.14.1/lib/ant-1.9.6.jar
7fdac8027000-7fdac802f000 r--s 0003a000 08:06 1707781                    /home/sebastian/android-studio/gradle/gradle-2.14.1/lib/gradle-base-services-2.14.1.jar
7fdac802f000-7fdac8066000 r--s 001bd000 08:06 1707773                    /home/sebastian/android-studio/gradle/gradle-2.14.1/lib/gradle-core-2.14.1.jar
7fdac8066000-7fdac8067000 ---p 00000000 00:00 0 
7fdac8067000-7fdac8a70000 rw-p 00000000 00:00 0 
7fdac8a70000-7fdac8c3d000 r--s 03bec000 08:06 1707543                    /home/sebastian/android-studio/jre/jre/lib/rt.jar
7fdac8c3d000-7fdacc73d000 rw-p 00000000 00:00 0 
7fdacc73d000-7fdacc73e000 ---p 00000000 00:00 0 
7fdacc73e000-7fdacc83e000 rw-p 00000000 00:00 0 
7fdacc83e000-7fdacc83f000 ---p 00000000 00:00 0 
7fdacc83f000-7fdacc983000 rw-p 00000000 00:00 0 
7fdacc983000-7fdaccb3f000 ---p 00000000 00:00 0 
7fdaccb3f000-7fdaccc22000 rw-p 00000000 00:00 0 
7fdaccc22000-7fdaccc3f000 ---p 00000000 00:00 0 
7fdaccc3f000-7fdacccbb000 rw-p 00000000 00:00 0 
7fdacccbb000-7fdacd000000 ---p 00000000 00:00 0 
7fdacd000000-7fdaceea0000 rwxp 00000000 00:00 0 
7fdaceea0000-7fdadc000000 ---p 00000000 00:00 0 
7fdadc000000-7fdadcb3d000 rw-p 00000000 00:00 0 
7fdadcb3d000-7fdae0000000 ---p 00000000 00:00 0 
7fdae0000000-7fdae0001000 r--s 00007000 08:06 1707767                    /home/sebastian/android-studio/gradle/gradle-2.14.1/lib/slf4j-api-1.7.10.jar
7fdae0001000-7fdae0002000 r--s 00004000 08:06 1707785                    /home/sebastian/android-studio/gradle/gradle-2.14.1/lib/ant-launcher-1.9.6.jar
7fdae0002000-7fdae012a000 rw-p 00000000 00:00 0 
7fdae012a000-7fdae02e6000 ---p 00000000 00:00 0 
7fdae02e6000-7fdae0300000 r-xp 00000000 08:06 1707570                    /home/sebastian/android-studio/jre/jre/lib/amd64/libzip.so
7fdae0300000-7fdae0500000 ---p 0001a000 08:06 1707570                    /home/sebastian/android-studio/jre/jre/lib/amd64/libzip.so
7fdae0500000-7fdae0501000 r--p 0001a000 08:06 1707570                    /home/sebastian/android-studio/jre/jre/lib/amd64/libzip.so
7fdae0501000-7fdae0502000 rw-p 0001b000 08:06 1707570                    /home/sebastian/android-studio/jre/jre/lib/amd64/libzip.so
7fdae0502000-7fdae050c000 r-xp 00000000 08:06 2238989                    /lib/x86_64-linux-gnu/libnss_files-2.19.so
7fdae050c000-7fdae070b000 ---p 0000a000 08:06 2238989                    /lib/x86_64-linux-gnu/libnss_files-2.19.so
7fdae070b000-7fdae070c000 r--p 00009000 08:06 2238989                    /lib/x86_64-linux-gnu/libnss_files-2.19.so
7fdae070c000-7fdae070d000 rw-p 0000a000 08:06 2238989                    /lib/x86_64-linux-gnu/libnss_files-2.19.so
7fdae070d000-7fdae0718000 r-xp 00000000 08:06 2238981                    /lib/x86_64-linux-gnu/libnss_nis-2.19.so
7fdae0718000-7fdae0917000 ---p 0000b000 08:06 2238981                    /lib/x86_64-linux-gnu/libnss_nis-2.19.so
7fdae0917000-7fdae0918000 r--p 0000a000 08:06 2238981                    /lib/x86_64-linux-gnu/libnss_nis-2.19.so
7fdae0918000-7fdae0919000 rw-p 0000b000 08:06 2238981                    /lib/x86_64-linux-gnu/libnss_nis-2.19.so
7fdae0919000-7fdae0930000 r-xp 00000000 08:06 2238977                    /lib/x86_64-linux-gnu/libnsl-2.19.so
7fdae0930000-7fdae0b2f000 ---p 00017000 08:06 2238977                    /lib/x86_64-linux-gnu/libnsl-2.19.so
7fdae0b2f000-7fdae0b30000 r--p 00016000 08:06 2238977                    /lib/x86_64-linux-gnu/libnsl-2.19.so
7fdae0b30000-7fdae0b31000 rw-p 00017000 08:06 2238977                    /lib/x86_64-linux-gnu/libnsl-2.19.so
7fdae0b31000-7fdae0b33000 rw-p 00000000 00:00 0 
7fdae0b33000-7fdae0b3c000 r-xp 00000000 08:06 2238976                    /lib/x86_64-linux-gnu/libnss_compat-2.19.so
7fdae0b3c000-7fdae0d3b000 ---p 00009000 08:06 2238976                    /lib/x86_64-linux-gnu/libnss_compat-2.19.so
7fdae0d3b000-7fdae0d3c000 r--p 00008000 08:06 2238976                    /lib/x86_64-linux-gnu/libnss_compat-2.19.so
7fdae0d3c000-7fdae0d3d000 rw-p 00009000 08:06 2238976                    /lib/x86_64-linux-gnu/libnss_compat-2.19.so
7fdae0d3d000-7fdae0d6a000 r-xp 00000000 08:06 1707580                    /home/sebastian/android-studio/jre/jre/lib/amd64/libjava.so
7fdae0d6a000-7fdae0f69000 ---p 0002d000 08:06 1707580                    /home/sebastian/android-studio/jre/jre/lib/amd64/libjava.so
7fdae0f69000-7fdae0f6a000 r--p 0002c000 08:06 1707580                    /home/sebastian/android-studio/jre/jre/lib/amd64/libjava.so
7fdae0f6a000-7fdae0f6c000 rw-p 0002d000 08:06 1707580                    /home/sebastian/android-studio/jre/jre/lib/amd64/libjava.so
7fdae0f6c000-7fdae0f7c000 r-xp 00000000 08:06 1707596                    /home/sebastian/android-studio/jre/jre/lib/amd64/libverify.so
7fdae0f7c000-7fdae117b000 ---p 00010000 08:06 1707596                    /home/sebastian/android-studio/jre/jre/lib/amd64/libverify.so
7fdae117b000-7fdae117d000 r--p 0000f000 08:06 1707596                    /home/sebastian/android-studio/jre/jre/lib/amd64/libverify.so
7fdae117d000-7fdae117e000 rw-p 00011000 08:06 1707596                    /home/sebastian/android-studio/jre/jre/lib/amd64/libverify.so
7fdae117e000-7fdae1185000 r-xp 00000000 08:06 2238985                    /lib/x86_64-linux-gnu/librt-2.19.so
7fdae1185000-7fdae1384000 ---p 00007000 08:06 2238985                    /lib/x86_64-linux-gnu/librt-2.19.so
7fdae1384000-7fdae1385000 r--p 00006000 08:06 2238985                    /lib/x86_64-linux-gnu/librt-2.19.so
7fdae1385000-7fdae1386000 rw-p 00007000 08:06 2238985                    /lib/x86_64-linux-gnu/librt-2.19.so
7fdae1386000-7fdae148b000 r-xp 00000000 08:06 2238971                    /lib/x86_64-linux-gnu/libm-2.19.so
7fdae148b000-7fdae168a000 ---p 00105000 08:06 2238971                    /lib/x86_64-linux-gnu/libm-2.19.so
7fdae168a000-7fdae168b000 r--p 00104000 08:06 2238971                    /lib/x86_64-linux-gnu/libm-2.19.so
7fdae168b000-7fdae168c000 rw-p 00105000 08:06 2238971                    /lib/x86_64-linux-gnu/libm-2.19.so
7fdae168c000-7fdae2272000 r-xp 00000000 08:06 1707600                    /home/sebastian/android-studio/jre/jre/lib/amd64/server/libjvm.so
7fdae2272000-7fdae2472000 ---p 00be6000 08:06 1707600                    /home/sebastian/android-studio/jre/jre/lib/amd64/server/libjvm.so
7fdae2472000-7fdae2511000 r--p 00be6000 08:06 1707600                    /home/sebastian/android-studio/jre/jre/lib/amd64/server/libjvm.so
7fdae2511000-7fdae253a000 rw-p 00c85000 08:06 1707600                    /home/sebastian/android-studio/jre/jre/lib/amd64/server/libjvm.so
7fdae253a000-7fdae257c000 rw-p 00000000 00:00 0 
7fdae257c000-7fdae2595000 r-xp 00000000 08:06 2238978                    /lib/x86_64-linux-gnu/libpthread-2.19.so
7fdae2595000-7fdae2794000 ---p 00019000 08:06 2238978                    /lib/x86_64-linux-gnu/libpthread-2.19.so
7fdae2794000-7fdae2795000 r--p 00018000 08:06 2238978                    /lib/x86_64-linux-gnu/libpthread-2.19.so
7fdae2795000-7fdae2796000 rw-p 00019000 08:06 2238978                    /lib/x86_64-linux-gnu/libpthread-2.19.so
7fdae2796000-7fdae279a000 rw-p 00000000 00:00 0 
7fdae279a000-7fdae279d000 r-xp 00000000 08:06 2238973                    /lib/x86_64-linux-gnu/libdl-2.19.so
7fdae279d000-7fdae299c000 ---p 00003000 08:06 2238973                    /lib/x86_64-linux-gnu/libdl-2.19.so
7fdae299c000-7fdae299d000 r--p 00002000 08:06 2238973                    /lib/x86_64-linux-gnu/libdl-2.19.so
7fdae299d000-7fdae299e000 rw-p 00003000 08:06 2238973                    /lib/x86_64-linux-gnu/libdl-2.19.so
7fdae299e000-7fdae2b58000 r-xp 00000000 08:06 2238986                    /lib/x86_64-linux-gnu/libc-2.19.so
7fdae2b58000-7fdae2d58000 ---p 001ba000 08:06 2238986                    /lib/x86_64-linux-gnu/libc-2.19.so
7fdae2d58000-7fdae2d5c000 r--p 001ba000 08:06 2238986                    /lib/x86_64-linux-gnu/libc-2.19.so
7fdae2d5c000-7fdae2d5e000 rw-p 001be000 08:06 2238986                    /lib/x86_64-linux-gnu/libc-2.19.so
7fdae2d5e000-7fdae2d63000 rw-p 00000000 00:00 0 
7fdae2d63000-7fdae2d79000 r-xp 00000000 08:06 1707460                    /home/sebastian/android-studio/jre/lib/amd64/jli/libjli.so
7fdae2d79000-7fdae2f78000 ---p 00016000 08:06 1707460                    /home/sebastian/android-studio/jre/lib/amd64/jli/libjli.so
7fdae2f78000-7fdae2f79000 r--p 00015000 08:06 1707460                    /home/sebastian/android-studio/jre/lib/amd64/jli/libjli.so
7fdae2f79000-7fdae2f7a000 rw-p 00016000 08:06 1707460                    /home/sebastian/android-studio/jre/lib/amd64/jli/libjli.so
7fdae2f7a000-7fdae2f9d000 r-xp 00000000 08:06 2238979                    /lib/x86_64-linux-gnu/ld-2.19.so
7fdae2f9d000-7fdae3080000 rw-p 00000000 00:00 0 
7fdae3080000-7fdae3083000 ---p 00000000 00:00 0 
7fdae3083000-7fdae3185000 rw-p 00000000 00:00 0 
7fdae3185000-7fdae3190000 r--s 00051000 08:06 1707777                    /home/sebastian/android-studio/gradle/gradle-2.14.1/lib/gradle-launcher-2.14.1.jar
7fdae3190000-7fdae3198000 rw-s 00000000 08:06 674880                     /tmp/hsperfdata_sebastian/18840
7fdae3198000-7fdae3199000 rw-p 00000000 00:00 0 
7fdae3199000-7fdae319a000 ---p 00000000 00:00 0 
7fdae319a000-7fdae319c000 rw-p 00000000 00:00 0 
7fdae319c000-7fdae319d000 r--p 00022000 08:06 2238979                    /lib/x86_64-linux-gnu/ld-2.19.so
7fdae319d000-7fdae319e000 rw-p 00023000 08:06 2238979                    /lib/x86_64-linux-gnu/ld-2.19.so
7fdae319e000-7fdae319f000 rw-p 00000000 00:00 0 
7ffd827c1000-7ffd827e2000 rw-p 00000000 00:00 0                          [stack]
7ffd827f1000-7ffd827f3000 r--p 00000000 00:00 0                          [vvar]
7ffd827f3000-7ffd827f5000 r-xp 00000000 00:00 0                          [vdso]
ffffffffff600000-ffffffffff601000 r-xp 00000000 00:00 0                  [vsyscall]

VM Arguments:
jvm_args: -Xmx1536m -Dfile.encoding=UTF-8 -Duser.country=PL -Duser.language=pl -Duser.variant 
java_command: org.gradle.launcher.daemon.bootstrap.GradleDaemon 2.14.1
java_class_path (initial): /home/sebastian/android-studio/gradle/gradle-2.14.1/lib/gradle-launcher-2.14.1.jar
Launcher Type: SUN_STANDARD

Environment Variables:
JAVA_HOME=/usr/lib/jvm/java-8-oracle
PATH=/usr/local/sbin:/usr/local/bin:/usr/sbin:/usr/bin:/sbin:/bin:/usr/games:/usr/local/games:/usr/lib/jvm/java-8-oracle/bin:/usr/lib/jvm/java-8-oracle/db/bin:/usr/lib/jvm/java-8-oracle/jre/bin
LD_LIBRARY_PATH=.:
SHELL=/bin/bash
DISPLAY=:0

Signal Handlers:
SIGSEGV: [libjvm.so+0x9daac0], sa_mask[0]=11111111011111111101111111111110, sa_flags=SA_RESTART|SA_SIGINFO
SIGBUS: [libjvm.so+0x9daac0], sa_mask[0]=11111111011111111101111111111110, sa_flags=SA_RESTART|SA_SIGINFO
SIGFPE: [libjvm.so+0x840d90], sa_mask[0]=11111111011111111101111111111110, sa_flags=SA_RESTART|SA_SIGINFO
SIGPIPE: [libjvm.so+0x840d90], sa_mask[0]=11111111011111111101111111111110, sa_flags=SA_RESTART|SA_SIGINFO
SIGXFSZ: [libjvm.so+0x840d90], sa_mask[0]=11111111011111111101111111111110, sa_flags=SA_RESTART|SA_SIGINFO
SIGILL: [libjvm.so+0x840d90], sa_mask[0]=11111111011111111101111111111110, sa_flags=SA_RESTART|SA_SIGINFO
SIGUSR1: SIG_DFL, sa_mask[0]=00000000000000000000000000000000, sa_flags=none
SIGUSR2: [libjvm.so+0x840c60], sa_mask[0]=00100000000000000000000000000000, sa_flags=SA_RESTART|SA_SIGINFO
SIGHUP: [libjvm.so+0x840e50], sa_mask[0]=11111111011111111101111111111110, sa_flags=SA_RESTART|SA_SIGINFO
SIGINT: [libjvm.so+0x840e50], sa_mask[0]=11111111011111111101111111111110, sa_flags=SA_RESTART|SA_SIGINFO
SIGTERM: [libjvm.so+0x840e50], sa_mask[0]=11111111011111111101111111111110, sa_flags=SA_RESTART|SA_SIGINFO
SIGQUIT: [libjvm.so+0x840e50], sa_mask[0]=11111111011111111101111111111110, sa_flags=SA_RESTART|SA_SIGINFO


---------------  S Y S T E M  ---------------

OS:DISTRIB_ID=Ubuntu
DISTRIB_RELEASE=14.04
DISTRIB_CODENAME=trusty
DISTRIB_DESCRIPTION="Ubuntu 14.04.5 LTS"

uname:Linux 4.4.0-53-generic #74~14.04.1-Ubuntu SMP Fri Dec 2 03:43:31 UTC 2016 x86_64
libc:glibc 2.19 NPTL 2.19 
rlimit: STACK 8192k, CORE 0k, NPROC 23260, NOFILE 4096, AS infinity
load average:2,32 1,43 0,98

/proc/meminfo:
MemTotal:        5979392 kB
MemFree:          183980 kB
MemAvailable:    2170588 kB
Buffers:          126028 kB
Cached:          2050320 kB
SwapCached:          248 kB
Active:          3667884 kB
Inactive:        1867172 kB
Active(anon):    2550184 kB
Inactive(anon):   848272 kB
Active(file):    1117700 kB
Inactive(file):  1018900 kB
Unevictable:          32 kB
Mlocked:              32 kB
SwapTotal:       3045372 kB
SwapFree:        3027752 kB
Dirty:              7752 kB
Writeback:             0 kB
AnonPages:       3358624 kB
Mapped:           254028 kB
Shmem:             39632 kB
Slab:             160252 kB
SReclaimable:     125736 kB
SUnreclaim:        34516 kB
KernelStack:        8752 kB
PageTables:        33472 kB
NFS_Unstable:          0 kB
Bounce:                0 kB
WritebackTmp:          0 kB
CommitLimit:     6035068 kB
Committed_AS:    6426192 kB
VmallocTotal:   34359738367 kB
VmallocUsed:           0 kB
VmallocChunk:          0 kB
HardwareCorrupted:     0 kB
AnonHugePages:   1636352 kB
CmaTotal:              0 kB
CmaFree:               0 kB
HugePages_Total:       0
HugePages_Free:        0
HugePages_Rsvd:        0
HugePages_Surp:        0
Hugepagesize:       2048 kB
DirectMap4k:      116732 kB
DirectMap2M:     6041600 kB


CPU:total 2 (2 cores per cpu, 1 threads per core) family 6 model 23 stepping 10, cmov, cx8, fxsr, mmx, sse, sse2, sse3, ssse3, sse4.1, tsc

/proc/cpuinfo:
processor	: 0
vendor_id	: GenuineIntel
cpu family	: 6
model		: 23
model name	: Intel(R) Core(TM)2 Duo CPU     E8400  @ 3.00GHz
stepping	: 10
microcode	: 0xa07
cpu MHz		: 3000.000
cache size	: 6144 KB
physical id	: 0
siblings	: 2
core id		: 0
cpu cores	: 2
apicid		: 0
initial apicid	: 0
fpu		: yes
fpu_exception	: yes
cpuid level	: 13
wp		: yes
flags		: fpu vme de pse tsc msr pae mce cx8 apic sep mtrr pge mca cmov pat pse36 clflush dts acpi mmx fxsr sse sse2 ss ht tm pbe syscall nx lm constant_tsc arch_perfmon pebs bts rep_good nopl aperfmperf pni dtes64 monitor ds_cpl vmx smx est tm2 ssse3 cx16 xtpr pdcm sse4_1 xsave lahf_lm tpr_shadow vnmi flexpriority dtherm
bugs		:
bogomips	: 5984.46
clflush size	: 64
cache_alignment	: 64
address sizes	: 36 bits physical, 48 bits virtual
power management:

processor	: 1
vendor_id	: GenuineIntel
cpu family	: 6
model		: 23
model name	: Intel(R) Core(TM)2 Duo CPU     E8400  @ 3.00GHz
stepping	: 10
microcode	: 0xa07
cpu MHz		: 3000.000
cache size	: 6144 KB
physical id	: 0
siblings	: 2
core id		: 1
cpu cores	: 2
apicid		: 1
initial apicid	: 1
fpu		: yes
fpu_exception	: yes
cpuid level	: 13
wp		: yes
flags		: fpu vme de pse tsc msr pae mce cx8 apic sep mtrr pge mca cmov pat pse36 clflush dts acpi mmx fxsr sse sse2 ss ht tm pbe syscall nx lm constant_tsc arch_perfmon pebs bts rep_good nopl aperfmperf pni dtes64 monitor ds_cpl vmx smx est tm2 ssse3 cx16 xtpr pdcm sse4_1 xsave lahf_lm tpr_shadow vnmi flexpriority dtherm
bugs		:
bogomips	: 5984.46
clflush size	: 64
cache_alignment	: 64
address sizes	: 36 bits physical, 48 bits virtual
power management:



Memory: 4k page, physical 5979392k(183980k free), swap 3045372k(3027752k free)

vm_info: OpenJDK 64-Bit Server VM (25.76-b03) for linux-amd64 JRE (1.8.0_76-release-b03), built on Jun 29 2016 09:39:19 by "builder" with gcc 4.8.4

time: Fri Dec  9 15:02:49 2016
elapsed time: 94 seconds (0d 0h 1m 34s)

